{"numTotalTestSuites":2,"numPassedTestSuites":0,"numFailedTestSuites":2,"numPendingTestSuites":0,"numTotalTests":2,"numPassedTests":0,"numFailedTests":2,"numPendingTests":0,"numTodoTests":0,"snapshot":{"added":0,"failure":false,"filesAdded":0,"filesRemoved":0,"filesRemovedList":[],"filesUnmatched":0,"filesUpdated":0,"matched":0,"total":0,"unchecked":0,"uncheckedKeysByFile":[],"unmatched":0,"updated":0,"didUpdate":false},"startTime":1770452243710,"success":false,"testResults":[{"assertionResults":[{"ancestorTitles":["TransactionForm Transfer Feature"],"fullName":"TransactionForm Transfer Feature should switch to Transfer mode and show correct fields","status":"failed","title":"should switch to Transfer mode and show correct fields","duration":118.23810000000003,"failureMessages":["Error: Invalid Chai property: toBeInTheDocument\n    at Object.proxyGetter [as get] (file:///D:/Junkio-Expense-Tracker/frontend/node_modules/chai/index.js:1653:17)\n    at D:/Junkio-Expense-Tracker/frontend/src/components/features/transactions/TransactionForm.test.jsx:65:50\n    at file:///D:/Junkio-Expense-Tracker/frontend/node_modules/@vitest/runner/dist/index.js:145:11\n    at file:///D:/Junkio-Expense-Tracker/frontend/node_modules/@vitest/runner/dist/index.js:915:26\n    at file:///D:/Junkio-Expense-Tracker/frontend/node_modules/@vitest/runner/dist/index.js:1243:20\n    at new Promise (<anonymous>)\n    at runWithTimeout (file:///D:/Junkio-Expense-Tracker/frontend/node_modules/@vitest/runner/dist/index.js:1209:10)\n    at file:///D:/Junkio-Expense-Tracker/frontend/node_modules/@vitest/runner/dist/index.js:1653:37\n    at Traces.$ (file:///D:/Junkio-Expense-Tracker/frontend/node_modules/vitest/dist/chunks/traces.CCmnQaNT.js:142:27)\n    at trace (file:///D:/Junkio-Expense-Tracker/frontend/node_modules/vitest/dist/chunks/test.B8ej_ZHS.js:239:21)"],"meta":{}},{"ancestorTitles":["TransactionForm Transfer Feature"],"fullName":"TransactionForm Transfer Feature should dispatch correct actions on valid Transfer","status":"failed","title":"should dispatch correct actions on valid Transfer","duration":40.84479999999985,"failureMessages":["TestingLibraryElementError: Found multiple elements with the text: Mock Transfer\n\nHere are the matching elements:\n\nIgnored nodes: comments, script, style\n\u001b[36m<button>\u001b[39m\n  \u001b[0mMock Transfer\u001b[0m\n\u001b[36m</button>\u001b[39m\n\nIgnored nodes: comments, script, style\n\u001b[36m<button>\u001b[39m\n  \u001b[0mMock Transfer\u001b[0m\n\u001b[36m</button>\u001b[39m\n\n(If this is intentional, then use the `*AllBy*` variant of the query (like `queryAllByText`, `getAllByText`, or `findAllByText`)).\n\nIgnored nodes: comments, script, style\n\u001b[36m<body>\u001b[39m\n  \u001b[36m<div>\u001b[39m\n    \u001b[36m<form\u001b[39m\n      \u001b[33mclass\u001b[39m=\u001b[32m\"space-y-4\"\u001b[39m\n      \u001b[33mdata-testid\u001b[39m=\u001b[32m\"form-EXPENSE\"\u001b[39m\n    \u001b[36m>\u001b[39m\n      \u001b[36m<div>\u001b[39m\n        \u001b[36m<div\u001b[39m\n          \u001b[33mclass\u001b[39m=\u001b[32m\"mock-tabs-controls\"\u001b[39m\n        \u001b[36m>\u001b[39m\n          \u001b[36m<button>\u001b[39m\n            \u001b[0mMock Expense\u001b[0m\n          \u001b[36m</button>\u001b[39m\n          \u001b[36m<button>\u001b[39m\n            \u001b[0mMock Transfer\u001b[0m\n          \u001b[36m</button>\u001b[39m\n        \u001b[36m</div>\u001b[39m\n        \u001b[36m<div>\u001b[39m\n          \u001b[36m<div>\u001b[39m\n            \u001b[0mChi Tiêu\u001b[0m\n          \u001b[36m</div>\u001b[39m\n          \u001b[36m<div>\u001b[39m\n            \u001b[0mThu Nhập\u001b[0m\n          \u001b[36m</div>\u001b[39m\n          \u001b[36m<div>\u001b[39m\n            \u001b[0mChuyển Khoản\u001b[0m\n          \u001b[36m</div>\u001b[39m\n        \u001b[36m</div>\u001b[39m\n      \u001b[36m</div>\u001b[39m\n      \u001b[36m<div\u001b[39m\n        \u001b[33mclass\u001b[39m=\u001b[32m\"space-y-4\"\u001b[39m\n      \u001b[36m>\u001b[39m\n        \u001b[36m<div>\u001b[39m\n          \u001b[36m<label\u001b[39m\n            \u001b[33mclass\u001b[39m=\u001b[32m\"text-sm font-medium mb-1 block\"\u001b[39m\n          \u001b[36m>\u001b[39m\n            \u001b[0mSố Tiền\u001b[0m\n          \u001b[36m</label>\u001b[39m\n          \u001b[36m<input\u001b[39m\n            \u001b[33mclass\u001b[39m=\u001b[32m\"flex h-9 w-full rounded-md border border-input bg-transparent px-3 py-1 text-sm shadow-sm transition-colors file:border-0 file:bg-transparent file:text-sm file:font-medium file:text-foreground placeholder:text-muted-foreground focus-visible:outline-none focus-visible:ring-1 focus-visible:ring-ring disabled:cursor-not-allowed disabled:opacity-50\"\u001b[39m\n            \u001b[33mname\u001b[39m=\u001b[32m\"amount\"\u001b[39m\n            \u001b[33mplaceholder\u001b[39m=\u001b[32m\"0\"\u001b[39m\n            \u001b[33mtype\u001b[39m=\u001b[32m\"number\"\u001b[39m\n            \u001b[33mvalue\u001b[39m=\u001b[32m\"\"\u001b[39m\n          \u001b[36m/>\u001b[39m\n        \u001b[36m</div>\u001b[39m\n        \u001b[36m<div>\u001b[39m\n          \u001b[36m<label\u001b[39m\n            \u001b[33mclass\u001b[39m=\u001b[32m\"text-sm font-medium mb-1 block\"\u001b[39m\n          \u001b[36m>\u001b[39m\n            \u001b[0mVí\u001b[0m\n          \u001b[36m</label>\u001b[39m\n          \u001b[36m<select\u001b[39m\n            \u001b[33mclass\u001b[39m=\u001b[32m\"w-full border rounded-md h-10 px-3 text-sm bg-background\"\u001b[39m\n            \u001b[33mname\u001b[39m=\u001b[32m\"walletId\"\u001b[39m\n          \u001b[36m>\u001b[39m\n            \u001b[36m<option\u001b[39m\n              \u001b[33mvalue\u001b[39m=\u001b[32m\"w1\"\u001b[39m\n            \u001b[36m>\u001b[39m\n              \u001b[0mWallet A\u001b[0m\n              \u001b[0m (\u001b[0m\n              \u001b[0m1.000 ₫\u001b[0m\n              \u001b[0m)\u001b[0m\n            \u001b[36m</option>\u001b[39m\n            \u001b[36m<option\u001b[39m\n              \u001b[33mvalue\u001b[39m=\u001b[32m\"w2\"\u001b[39m\n            \u001b[36m>\u001b[39m\n              \u001b[0mWallet B\u001b[0m\n              \u001b[0m (\u001b[0m\n              \u001b[0m500 ₫\u001b[0m\n              \u001b[0m)\u001b[0m\n            \u001b[36m</option>\u001b[39m\n          \u001b[36m</select>\u001b[39m\n        \u001b[36m</div>\u001b[39m\n        \u001b[36m<div\u001b[39m\n          \u001b[33mclass\u001b[39m=\u001b[32m\"grid grid-cols-1 md:grid-cols-2 gap-4\"\u001b[39m\n        \u001b[36m>\u001b[39m\n          \u001b[36m<div>\u001b[39m\n            \u001b[36m<label\u001b[39m\n              \u001b[33mclass\u001b[39m=\u001b[32m\"text-sm font-medium mb-1 block\"\u001b[39m\n            \u001b[36m>\u001b[39m\n              \u001b[0mMô Tả\u001b[0m\n            \u001b[36m</label>\u001b[39m\n            \u001b[36m<input\u001b[39m\n              \u001b[33mclass\u001b[39m=\u001b[32m\"flex h-9 w-full rounded-md border border-input bg-transparent px-3 py-1 text-sm shadow-sm transition-colors file:border-0 file:bg-transparent file:text-sm file:font-medium file:text-foreground placeholder:text-muted-foreground focus-visible:outline-none focus-visible:ring-1 focus-visible:ring-ring disabled:cursor-not-allowed disabled:opacity-50\"\u001b[39m\n              \u001b[33mname\u001b[39m=\u001b[32m\"description\"\u001b[39m\n              \u001b[33mplaceholder\u001b[39m=\u001b[32m\"vd: Ăn trưa\"\u001b[39m\n              \u001b[33mvalue\u001b[39m=\u001b[32m\"\"\u001b[39m\n            \u001b[36m/>\u001b[39m\n          \u001b[36m</div>\u001b[39m\n          \u001b[36m<div>\u001b[39m\n            \u001b[36m<label\u001b[39m\n              \u001b[33mclass\u001b[39m=\u001b[32m\"text-sm font-medium mb-1 block\"\u001b[39m\n            \u001b[36m>\u001b[39m\n              \u001b[0mNgày\u001b[0m\n            \u001b[36m</label>\u001b[39m\n            \u001b[36m<input\u001b[39m\n              \u001b[33mclass\u001b[39m=\u001b[32m\"flex h-9 w-full rounded-md border border-input bg-transparent px-3 py-1 text-sm shadow-sm transition-colors file:border-0 file:bg-transparent file:text-sm file:font-medium file:text-foreground placeholder:text-muted-foreground focus-visible:outline-none focus-visible:ring-1 focus-visible:ring-ring disabled:cursor-not-allowed disabled:opacity-50\"\u001b[39m\n              \u001b[33mname\u001b[39m=\u001b[32m\"date\"\u001b[39m\n              \u001b[33mtype\u001b[39m=\u001b[32m\"date\"\u001b[39m\n              \u001b[33mvalue\u001b[39m=\u001b[32m\"2026-02-07\"\u001b[39m\n            \u001b[36m/>\u001b[39m\n          \u001b[36m</div>\u001b[39m\n        \u001b[36m</div>\u001b[39m\n        \u001b[36m<div>\u001b[39m\n          \u001b[36m<label\u001b[39m\n            \u001b[33mclass\u001b[39m=\u001b[32m\"text-sm font-medium mb-1 block\"\u001b[39m\n          \u001b[36m>\u001b[39m\n            \u001b[0mDanh Mục\u001b[0m\n          \u001b[36m</label>\u001b[39m\n          \u001b[36m<select\u001b[39m\n            \u001b[33mclass\u001b[39m=\u001b[32m\"w-full border rounded-md h-10 px-3 text-sm bg-background block\"\u001b[39m\n            \u001b[33mname\u001b[39m=\u001b[32m\"categoryId\"\u001b[39m\n          \u001b[36m>\u001b[39m\n            \u001b[36m<option\u001b[39m\n              \u001b[33mvalue\u001b[39m=\u001b[32m\"general\"\u001b[39m\n            \u001b[36m>\u001b[39m\n              \u001b[0mChung\u001b[0m\n            \u001b[36m</option>\u001b[39m\n            \u001b[36m<option\u001b[39m\n              \u001b[33mvalue\u001b[39m=\u001b[32m\"food\"\u001b[39m\n            \u001b[36m>\u001b[39m\n              \u001b[0mĂn Uống\u001b[0m\n            \u001b[36m</option>\u001b[39m\n            \u001b[36m<option\u001b[39m\n              \u001b[33mvalue\u001b[39m=\u001b[32m\"transport\"\u001b[39m\n            \u001b[36m>\u001b[39m\n              \u001b[0mDi Chuyển\u001b[0m\n            \u001b[36m</option>\u001b[39m\n            \u001b[36m<option\u001b[39m\n              \u001b[33mvalue\u001b[39m=\u001b[32m\"shopping\"\u001b[39m\n            \u001b[36m>\u001b[39m\n              \u001b[0mMua Sắm\u001b[0m\n            \u001b[36m</option>\u001b[39m\n            \u001b[36m<option\u001b[39m\n              \u001b[33mvalue\u001b[39m=\u001b[32m\"utilities\"\u001b[39m\n            \u001b[36m>\u001b[39m\n              \u001b[0mHóa Đơn & Tiện Ích\u001b[0m\n            \u001b[36m</option>\u001b[39m\n            \u001b[36m<option\u001b[39m\n              \u001b[33mvalue\u001b[39m=\u001b[32m\"entertainment\"\u001b[39m\n            \u001b[36m>\u001b[39m\n              \u001b[0mGiải Trí\u001b[0m\n            \u001b[36m</option>\u001b[39m\n            \u001b[36m<option\u001b[39m\n              \u001b[33mvalue\u001b[39m=\u001b[32m\"health\"\u001b[39m\n            \u001b[36m>\u001b[39m\n              \u001b[0mSức Khỏe\u001b[0m\n            \u001b[36m</option>\u001b[39m\n            \u001b[36m<option\u001b[39m\n              \u001b[33mvalue\u001b[39m=\u001b[32m\"income\"\u001b[39m\n            \u001b[36m>\u001b[39m\n              \u001b[0mLương / Thu Nhập\u001b[0m\n            \u001b[36m</option>\u001b[39m\n          \u001b[36m</select>\u001b[39m\n        \u001b[36m</div>\u001b[39m\n      \u001b[36m</div>\u001b[39m\n      \u001b[36m<div\u001b[39m\n        \u001b[33mclass\u001b[39m=\u001b[32m\"pt-4 flex justify-end gap-2\"\u001b[39m\n      \u001b[36m>\u001b[39m\n        \u001b[36m<button\u001b[39m\n          \u001b[33mclass\u001b[39m=\u001b[32m\"inline-flex items-center justify-center gap-2 whitespace-nowrap rounded-md text-sm font-medium transition-colors focus-visible:outline-none focus-visible:ring-1 focus-visible:ring-ring disabled:pointer-events-none disabled:opacity-50 [&_svg]:pointer-events-none [&_svg]:size-4 [&_svg]:shrink-0 text-primary-foreground shadow h-9 px-4 py-2 w-full bg-blue-600 hover:bg-blue-700\"\u001b[39m\n          \u001b[33mtype\u001b[39m=\u001b[32m\"submit\"\u001b[39m\n        \u001b[36m>\u001b[39m\n          \u001b[0mThêm Giao Dịch\u001b[0m\n        \u001b[36m</button>\u001b[39m\n      \u001b[36m</div>\u001b[39m\n    \u001b[36m</form>\u001b[39m\n  \u001b[36m</div>\u001b[39m\n  \u001b[36m<div>\u001b[39m\n    \u001b[36m<form\u001b[39m\n      \u001b[33mclass\u001b[39m=\u001b[32m\"space-y-4\"\u001b[39m\n      \u001b[33mdata-testid\u001b[39m=\u001b[32m\"form-EXPENSE\"\u001b[39m\n    \u001b[36m>\u001b[39m\n      \u001b[36m<div>\u001b[39m\n        \u001b[36m<div\u001b[39m\n          \u001b[33mclass\u001b[39m=\u001b[32m\"mock-tabs-controls\"\u001b[39m\n        \u001b[36m>\u001b[39m\n          \u001b[36m<button>\u001b[39m\n            \u001b[0mMock Expense\u001b[0m\n          \u001b[36m</button>\u001b[39m\n          \u001b[36m<button>\u001b[39m\n            \u001b[0mMock Transfer\u001b[0m\n          \u001b[36m</button>\u001b[39m\n        \u001b[36m</div>\u001b[39m\n        \u001b[36m<div>\u001b[39m\n          \u001b[36m<div>\u001b[39m\n            \u001b[0mChi Tiêu\u001b[0m\n          \u001b[36m</div>\u001b[39m\n          \u001b[36m<div>\u001b[39m\n            \u001b[0mThu Nhập\u001b[0m\n          \u001b[36m</div>\u001b[39m\n          \u001b[36m<div>\u001b[39m\n            \u001b[0mChuyển Khoản\u001b[0m\n          \u001b[36m</div>\u001b[39m\n        \u001b[36m</div>\u001b[39m\n      \u001b[36m</div>\u001b[39m\n      \u001b[36m<div\u001b[39m\n        \u001b[33mclass\u001b[39m=\u001b[32m\"space-y-4\"\u001b[39m\n      \u001b[36m>\u001b[39m\n        \u001b[36m<div>\u001b[39m\n          \u001b[36m<label\u001b[39m\n            \u001b[33mclass\u001b[39m=\u001b[32m\"text-sm font-medium mb-1 block\"\u001b[39m\n          \u001b[36m>\u001b[39m\n            \u001b[0mSố Tiền\u001b[0m\n          \u001b[36m</label>\u001b[39m\n          \u001b[36m<input\u001b[39m\n            \u001b[33mclass\u001b[39m=\u001b[32m\"flex h-9 w-full rounded-md border border-input bg-transparent px-3 py-1 text-sm shadow-sm transition-colors file:border-0 file:bg-transparent file:text-sm file:font-medium file:text-foreground placeholder:text-muted-foreground focus-visible:outline-none focus-visible:ring-1 focus-visible:ring-ring disabled:cursor-not-allowed disabled:opacity-50\"\u001b[39m\n            \u001b[33mname\u001b[39m=\u001b[32m\"amount\"\u001b[39m\n            \u001b[33mplaceholder\u001b[39m=\u001b[32m\"0\"\u001b[39m\n            \u001b[33mtype\u001b[39m=\u001b[32m\"number\"\u001b[39m\n            \u001b[33mvalue\u001b[39m=\u001b[32m\"\"\u001b[39m\n          \u001b[36m/>\u001b[39m\n        \u001b[36m</div>\u001b[39m\n        \u001b[36m<div>\u001b[39m\n          \u001b[36m<label\u001b[39m\n            \u001b[33mclass\u001b[39m=\u001b[32m\"text-sm font-medium mb-1 block\"\u001b[39m\n          \u001b[36m>\u001b[39m\n            \u001b[0mVí\u001b[0m\n          \u001b[36m</label>\u001b[39m\n          \u001b[36m<select\u001b[39m\n            \u001b[33mclass\u001b[39m=\u001b[32m\"w-full border rounded-md h-10 px-3 text-sm bg-background\"\u001b[39m\n            \u001b[33mname\u001b[39m=\u001b[32m\"walletId\"\u001b[39m\n          \u001b[36m>\u001b[39m\n            \u001b[36m<option\u001b[39m\n              \u001b[33mvalue\u001b[39m=\u001b[32m\"w1\"\u001b[39m\n            \u001b[36m>\u001b[39m\n              \u001b[0mWallet A\u001b[0m\n              \u001b[0m (\u001b[0m\n              \u001b[0m1.000 ₫\u001b[0m\n              \u001b[0m)\u001b[0m\n            \u001b[36m</option>\u001b[39m\n            \u001b[36m<option\u001b[39m\n              \u001b[33mvalue\u001b[39m=\u001b[32m\"w2\"\u001b[39m\n            \u001b[36m>\u001b[39m\n              \u001b[0mWallet B\u001b[0m\n              \u001b[0m (\u001b[0m\n              \u001b[0m500 ₫\u001b[0m\n              \u001b[0m)\u001b[0m\n            \u001b[36m</option>\u001b[39m\n          \u001b[36m</select>\u001b[39m\n        \u001b[36m</div>\u001b[39m\n        \u001b[36m<div\u001b[39m\n          \u001b[33mclass\u001b[39m=\u001b[32m\"grid grid-cols-1 md:grid-cols-2 gap-4\"\u001b[39m\n        \u001b[36m>\u001b[39m\n          \u001b[36m<div>\u001b[39m\n            \u001b[36m<label\u001b[39m\n              \u001b[33mclass\u001b[39m=\u001b[32m\"text-sm font-medium mb-1 block\"\u001b[39m\n            \u001b[36m>\u001b[39m\n              \u001b[0mMô Tả\u001b[0m\n            \u001b[36m</label>\u001b[39m\n            \u001b[36m<input\u001b[39m\n              \u001b[33mclass\u001b[39m=\u001b[32m\"flex h-9 w-full rounded-md border border-input bg-transparent px-3 py-1 text-sm shadow-sm transition-colors file:border-0 file:bg-transparent file:text-sm file:font-medium file:text-foreground placeholder:text-muted-foreground focus-visible:outline-none focus-visible:ring-1 focus-visible:ring-ring disabled:cursor-not-allowed disabled:opacity-50\"\u001b[39m\n              \u001b[33mname\u001b[39m=\u001b[32m\"description\"\u001b[39m\n              \u001b[33mplaceholder\u001b[39m=\u001b[32m\"vd: Ăn trưa\"\u001b[39m\n              \u001b[33mvalue\u001b[39m=\u001b[32m\"\"\u001b[39m\n            \u001b[36m/>\u001b[39m\n          \u001b[36m</div>\u001b[39m\n          \u001b[36m<div>\u001b[39m\n            \u001b[36m<label\u001b[39m\n              \u001b[33mclass\u001b[39m=\u001b[32m\"text-sm font-medium mb-1 block\"\u001b[39m\n            \u001b[36m>\u001b[39m\n              \u001b[0mNgày\u001b[0m\n            \u001b[36m</label>\u001b[39m\n            \u001b[36m<input\u001b[39m\n              \u001b[33mclass\u001b[39m=\u001b[32m\"flex h-9 w-full rounded-md border border-input bg-transparent px-3 py-1 text-sm shadow-sm transition-colors file:border-0 file:bg-transparent file:text-sm file:font-medium file:text-foreground placeholder:text-muted-foreground focus-visible:outline-none focus-visible:ring-1 focus-visible:ring-ring disabled:cursor-not-allowed disabled:opacity-50\"\u001b[39m\n              \u001b[33mname\u001b[39m=\u001b[32m\"date\"\u001b[39m\n              \u001b[33mtype\u001b[39m=\u001b[32m\"date\"\u001b[39m\n              \u001b[33mvalue\u001b[39m=\u001b[32m\"2026-02-07\"\u001b[39m\n            \u001b[36m/>\u001b[39m\n          \u001b[36m</div>\u001b[39m\n        \u001b[36m</div>\u001b[39m\n        \u001b[36m<div>\u001b[39m\n          \u001b[36m<label\u001b[39m\n            \u001b[33mclass\u001b[39m=\u001b[32m\"text-sm font-medium mb-1 block\"\u001b[39m\n          \u001b[36m>\u001b[39m\n            \u001b[0mDanh Mục\u001b[0m\n          \u001b[36m</label>\u001b[39m\n          \u001b[36m<select\u001b[39m\n            \u001b[33mclass\u001b[39m=\u001b[32m\"w-full border rounded-md h-10 px-3 text-sm bg-background block\"\u001b[39m\n            \u001b[33mname\u001b[39m=\u001b[32m\"categoryId\"\u001b[39m\n          \u001b[36m>\u001b[39m\n            \u001b[36m<option\u001b[39m\n              \u001b[33mvalue\u001b[39m=\u001b[32m\"general\"\u001b[39m\n            \u001b[36m>\u001b[39m\n              \u001b[0mChung\u001b[0m\n            \u001b[36m</option>\u001b[39m\n            \u001b[36m<option\u001b[39m\n              \u001b[33mvalue\u001b[39m=\u001b[32m\"food\"\u001b[39m\n            \u001b[36m>\u001b[39m\n              \u001b[0mĂn Uống\u001b[0m\n            \u001b[36m</option>\u001b[39m\n            \u001b[36m<option\u001b[39m\n              \u001b[33mvalue\u001b[39m=\u001b[32m\"transport\"\u001b[39m\n            \u001b[36m>\u001b[39m\n              \u001b[0mDi Chuyển\u001b[0m\n            \u001b[36m</option>\u001b[39m\n            \u001b[36m<option\u001b[39m\n              \u001b[33mvalue\u001b[39m=\u001b[32m\"shopping\"\u001b[39m\n            \u001b[36m>\u001b[39m\n              \u001b[0mMua Sắm\u001b[0m\n            \u001b[36m</option>\u001b[39m\n            \u001b[36m<option\u001b[39m\n              \u001b[33mvalue\u001b[39m=\u001b[32m\"utilities\"\u001b[39m\n            \u001b[36m>\u001b[39m\n              \u001b[0mHóa Đơn & Tiện Ích\u001b[0m\n            \u001b[36m</option>\u001b[39m\n            \u001b[36m<option\u001b[39m\n              \u001b[33mvalue\u001b[39m=\u001b[32m\"entertainment\"\u001b[39m\n            \u001b[36m>\u001b[39m\n              \u001b[0mGiải Trí\u001b[0m\n            \u001b[36m</option>\u001b[39m\n            \u001b[36m<option\u001b[39m\n              \u001b[33mvalue\u001b[39m=\u001b[32m\"health\"\u001b[39m\n            \u001b[36m>\u001b[39m\n              \u001b[0mSức Khỏe\u001b[0m\n            \u001b[36m</option>\u001b[39m\n            \u001b[36m<option\u001b[39m\n              \u001b[33mvalue\u001b[39m=\u001b[32m\"income\"\u001b[39m\n            \u001b[36m>\u001b[39m\n              \u001b[0mLương / Thu Nhập\u001b[0m\n            \u001b[36m</option>\u001b[39m\n          \u001b[36m</select>\u001b[39m\n        \u001b[36m</div>\u001b[39m\n      \u001b[36m</div>\u001b[39m\n      \u001b[36m<div\u001b[39m\n        \u001b[33mclass\u001b[39m=\u001b[32m\"pt-4 flex justify-end gap-2\"\u001b[39m\n      \u001b[36m>\u001b[39m\n        \u001b[36m<button\u001b[39m\n          \u001b[33mclass\u001b[39m=\u001b[32m\"inline-flex items-center justify-center gap-2 whitespace-nowrap rounded-md text-sm font-medium transition-colors focus-visible:outline-none focus-visible:ring-1 focus-visible:ring-ring disabled:pointer-events-none disabled:opacity-50 [&_svg]:pointer-events-none [&_svg]:size-4 [&_svg]:shrink-0 text-primary-foreground shadow h-9 px-4 py-2 w-full bg-blue-600 hover:bg-blue-700\"\u001b[39m\n          \u001b[33mtype\u001b[39m=\u001b[32m\"submit\"\u001b[39m\n        \u001b[36m>\u001b[39m\n          \u001b[0mThêm Giao Dịch\u001b[0m\n        \u001b[36m</button>\u001b[39m\n      \u001b[36m</div>\u001b[39m\n    \u001b[36m</form>\u001b[39m\n  \u001b[36m</div>\u001b[39m\n\u001b[36m</body>\u001b[39m\n    at Object.getElementError (D:\\Junkio-Expense-Tracker\\frontend\\node_modules\\@testing-library\\dom\\dist\\config.js:37:19)\n    at getElementError (D:\\Junkio-Expense-Tracker\\frontend\\node_modules\\@testing-library\\dom\\dist\\query-helpers.js:20:35)\n    at getMultipleElementsFoundError (D:\\Junkio-Expense-Tracker\\frontend\\node_modules\\@testing-library\\dom\\dist\\query-helpers.js:23:10)\n    at D:\\Junkio-Expense-Tracker\\frontend\\node_modules\\@testing-library\\dom\\dist\\query-helpers.js:55:13\n    at D:\\Junkio-Expense-Tracker\\frontend\\node_modules\\@testing-library\\dom\\dist\\query-helpers.js:95:19\n    at D:/Junkio-Expense-Tracker/frontend/src/components/features/transactions/TransactionForm.test.jsx:93:32\n    at file:///D:/Junkio-Expense-Tracker/frontend/node_modules/@vitest/runner/dist/index.js:145:11\n    at file:///D:/Junkio-Expense-Tracker/frontend/node_modules/@vitest/runner/dist/index.js:915:26\n    at file:///D:/Junkio-Expense-Tracker/frontend/node_modules/@vitest/runner/dist/index.js:1243:20\n    at new Promise (<anonymous>)"],"meta":{}}],"startTime":1770452246915,"endTime":1770452247074.8447,"status":"failed","message":"","name":"D:/Junkio-Expense-Tracker/frontend/src/components/features/transactions/TransactionForm.test.jsx"}]}