{"numFailedTestSuites":3,"numFailedTests":4,"numPassedTestSuites":0,"numPassedTests":12,"numPendingTestSuites":0,"numPendingTests":0,"numRuntimeErrorTestSuites":0,"numTodoTests":0,"numTotalTestSuites":3,"numTotalTests":16,"openHandles":[],"snapshot":{"added":0,"didUpdate":false,"failure":false,"filesAdded":0,"filesRemoved":0,"filesRemovedList":[],"filesUnmatched":0,"filesUpdated":0,"matched":0,"total":0,"unchecked":0,"uncheckedKeysByFile":[],"unmatched":0,"updated":0},"startTime":1774076302334,"success":false,"testResults":[{"assertionResults":[{"ancestorTitles":["Auth API Endpoints"],"duration":147,"failing":false,"failureDetails":[{"matcherResult":{"actual":201,"expected":200,"message":"\u001b[2mexpect(\u001b[22m\u001b[31mreceived\u001b[39m\u001b[2m).\u001b[22mtoEqual\u001b[2m(\u001b[22m\u001b[32mexpected\u001b[39m\u001b[2m) // deep equality\u001b[22m\n\nExpected: \u001b[32m200\u001b[39m\nReceived: \u001b[31m201\u001b[39m","name":"toEqual","pass":false}}],"failureMessages":["Error: \u001b[2mexpect(\u001b[22m\u001b[31mreceived\u001b[39m\u001b[2m).\u001b[22mtoEqual\u001b[2m(\u001b[22m\u001b[32mexpected\u001b[39m\u001b[2m) // deep equality\u001b[22m\n\nExpected: \u001b[32m200\u001b[39m\nReceived: \u001b[31m201\u001b[39m\n    at Object.toEqual (D:\\Junkio-Expense-Tracker\\backend\\tests\\auth.test.js:70:32)\n    at processTicksAndRejections (node:internal/process/task_queues:103:5)"],"fullName":"Auth API Endpoints should register a new user successfully","invocations":1,"location":null,"numPassingAsserts":0,"retryReasons":[],"startAt":1774076303843,"status":"failed","title":"should register a new user successfully"},{"ancestorTitles":["Auth API Endpoints"],"duration":15,"failing":false,"failureDetails":[],"failureMessages":[],"fullName":"Auth API Endpoints should fail registration with existing email","invocations":1,"location":null,"numPassingAsserts":2,"retryReasons":[],"startAt":1774076303992,"status":"passed","title":"should fail registration with existing email"},{"ancestorTitles":["Auth API Endpoints"],"duration":84,"failing":false,"failureDetails":[],"failureMessages":[],"fullName":"Auth API Endpoints should login an existing user","invocations":1,"location":null,"numPassingAsserts":3,"retryReasons":[],"startAt":1774076304008,"status":"passed","title":"should login an existing user"},{"ancestorTitles":["Auth API Endpoints"],"duration":89,"failing":false,"failureDetails":[],"failureMessages":[],"fullName":"Auth API Endpoints should fail login with wrong password","invocations":1,"location":null,"numPassingAsserts":1,"retryReasons":[],"startAt":1774076304093,"status":"passed","title":"should fail login with wrong password"},{"ancestorTitles":["Auth Validation (Input Rules)"],"duration":17,"failing":false,"failureDetails":[],"failureMessages":[],"fullName":"Auth Validation (Input Rules) should reject register with invalid email format","invocations":1,"location":null,"numPassingAsserts":1,"retryReasons":[],"startAt":1774076304183,"status":"passed","title":"should reject register with invalid email format"},{"ancestorTitles":["Auth Validation (Input Rules)"],"duration":16,"failing":false,"failureDetails":[],"failureMessages":[],"fullName":"Auth Validation (Input Rules) should reject register with password shorter than 6 characters","invocations":1,"location":null,"numPassingAsserts":1,"retryReasons":[],"startAt":1774076304201,"status":"passed","title":"should reject register with password shorter than 6 characters"},{"ancestorTitles":["Auth Validation (Input Rules)"],"duration":14,"failing":false,"failureDetails":[],"failureMessages":[],"fullName":"Auth Validation (Input Rules) should reject register when required fields are missing","invocations":1,"location":null,"numPassingAsserts":1,"retryReasons":[],"startAt":1774076304219,"status":"passed","title":"should reject register when required fields are missing"}],"endTime":1774076304254,"message":"\u001b[1m\u001b[31m  \u001b[1m● \u001b[22m\u001b[1mAuth API Endpoints › should register a new user successfully\u001b[39m\u001b[22m\n\n    \u001b[2mexpect(\u001b[22m\u001b[31mreceived\u001b[39m\u001b[2m).\u001b[22mtoEqual\u001b[2m(\u001b[22m\u001b[32mexpected\u001b[39m\u001b[2m) // deep equality\u001b[22m\n\n    Expected: \u001b[32m200\u001b[39m\n    Received: \u001b[31m201\u001b[39m\n\u001b[2m\u001b[22m\n\u001b[2m    \u001b[0m \u001b[90m 68 |\u001b[39m             })\u001b[33m;\u001b[39m\u001b[22m\n\u001b[2m     \u001b[90m 69 |\u001b[39m\u001b[22m\n\u001b[2m    \u001b[31m\u001b[1m>\u001b[22m\u001b[2m\u001b[39m\u001b[90m 70 |\u001b[39m         expect(res\u001b[33m.\u001b[39mstatusCode)\u001b[33m.\u001b[39mtoEqual(\u001b[35m200\u001b[39m)\u001b[33m;\u001b[39m\u001b[22m\n\u001b[2m     \u001b[90m    |\u001b[39m                                \u001b[31m\u001b[1m^\u001b[22m\u001b[2m\u001b[39m\u001b[22m\n\u001b[2m     \u001b[90m 71 |\u001b[39m         expect(res\u001b[33m.\u001b[39mbody)\u001b[33m.\u001b[39mtoHaveProperty(\u001b[32m'data'\u001b[39m)\u001b[33m;\u001b[39m\u001b[22m\n\u001b[2m     \u001b[90m 72 |\u001b[39m         expect(res\u001b[33m.\u001b[39mbody\u001b[33m.\u001b[39mdata\u001b[33m.\u001b[39muser\u001b[33m.\u001b[39memail)\u001b[33m.\u001b[39mtoEqual(\u001b[32m'testauth@example.com'\u001b[39m)\u001b[33m;\u001b[39m\u001b[22m\n\u001b[2m     \u001b[90m 73 |\u001b[39m     })\u001b[33m;\u001b[39m\u001b[0m\u001b[22m\n\u001b[2m\u001b[22m\n\u001b[2m      \u001b[2mat Object.toEqual (\u001b[22m\u001b[2m\u001b[0m\u001b[36mtests/auth.test.js\u001b[39m\u001b[0m\u001b[2m:70:32)\u001b[22m\u001b[2m\u001b[22m\n","name":"D:\\Junkio-Expense-Tracker\\backend\\tests\\auth.test.js","startTime":1774076302408,"status":"failed","summary":""},{"assertionResults":[{"ancestorTitles":["Transaction API — Business Rule Validation"],"duration":49,"failing":false,"failureDetails":[],"failureMessages":[],"fullName":"Transaction API — Business Rule Validation should return 400 when wallet_id is missing","invocations":1,"location":null,"numPassingAsserts":2,"retryReasons":[],"startAt":1774076304738,"status":"passed","title":"should return 400 when wallet_id is missing"},{"ancestorTitles":["Transaction API — Business Rule Validation"],"duration":21,"failing":false,"failureDetails":[{"matcherResult":{"message":"\u001b[2mexpect(\u001b[22m\u001b[31mreceived\u001b[39m\u001b[2m).\u001b[22mtoMatch\u001b[2m(\u001b[22m\u001b[32mexpected\u001b[39m\u001b[2m)\u001b[22m\n\nExpected pattern: \u001b[32m/lớn hơn 0|Invalid value/i\u001b[39m\nReceived string:  \u001b[31m\"[{\\\"type\\\":\\\"field\\\",\\\"value\\\":\\\"mocked-tx-uuid\\\",\\\"msg\\\":\\\"wallet_id phải là UUID\\\",\\\"path\\\":\\\"wallet_id\\\",\\\"location\\\":\\\"body\\\"},{\\\"type\\\":\\\"field\\\",\\\"value\\\":-100,\\\"msg\\\":\\\"amount phải > 0\\\",\\\"path\\\":\\\"amount\\\",\\\"location\\\":\\\"body\\\"}]\"\u001b[39m","pass":false}}],"failureMessages":["Error: \u001b[2mexpect(\u001b[22m\u001b[31mreceived\u001b[39m\u001b[2m).\u001b[22mtoMatch\u001b[2m(\u001b[22m\u001b[32mexpected\u001b[39m\u001b[2m)\u001b[22m\n\nExpected pattern: \u001b[32m/lớn hơn 0|Invalid value/i\u001b[39m\nReceived string:  \u001b[31m\"[{\\\"type\\\":\\\"field\\\",\\\"value\\\":\\\"mocked-tx-uuid\\\",\\\"msg\\\":\\\"wallet_id phải là UUID\\\",\\\"path\\\":\\\"wallet_id\\\",\\\"location\\\":\\\"body\\\"},{\\\"type\\\":\\\"field\\\",\\\"value\\\":-100,\\\"msg\\\":\\\"amount phải > 0\\\",\\\"path\\\":\\\"amount\\\",\\\"location\\\":\\\"body\\\"}]\"\u001b[39m\n    at Object.toMatch (D:\\Junkio-Expense-Tracker\\backend\\tests\\transaction.test.js:142:69)\n    at processTicksAndRejections (node:internal/process/task_queues:103:5)"],"fullName":"Transaction API — Business Rule Validation should return 400 when amount is negative","invocations":1,"location":null,"numPassingAsserts":1,"retryReasons":[],"startAt":1774076304788,"status":"failed","title":"should return 400 when amount is negative"},{"ancestorTitles":["Transaction API — Business Rule Validation"],"duration":19,"failing":false,"failureDetails":[],"failureMessages":[],"fullName":"Transaction API — Business Rule Validation should return 400 when amount is zero","invocations":1,"location":null,"numPassingAsserts":1,"retryReasons":[],"startAt":1774076304811,"status":"passed","title":"should return 400 when amount is zero"},{"ancestorTitles":["Transaction API — Business Rule Validation"],"duration":19,"failing":false,"failureDetails":[],"failureMessages":[],"fullName":"Transaction API — Business Rule Validation should return 400 when type is invalid","invocations":1,"location":null,"numPassingAsserts":2,"retryReasons":[],"startAt":1774076304831,"status":"passed","title":"should return 400 when type is invalid"},{"ancestorTitles":["Transaction API — GET /:id Validation"],"duration":47,"failing":false,"failureDetails":[],"failureMessages":[],"fullName":"Transaction API — GET /:id Validation should return 404 or error for non-existent transaction id","invocations":1,"location":null,"numPassingAsserts":1,"retryReasons":[],"startAt":1774076304851,"status":"passed","title":"should return 404 or error for non-existent transaction id"},{"ancestorTitles":["Transaction API — Successful Create"],"duration":22,"failing":false,"failureDetails":[{"matcherResult":{"message":"\u001b[2mexpect(\u001b[22m\u001b[31mreceived\u001b[39m\u001b[2m).\u001b[22mtoContain\u001b[2m(\u001b[22m\u001b[32mexpected\u001b[39m\u001b[2m) // indexOf\u001b[22m\n\nExpected value: \u001b[32m422\u001b[39m\nReceived array: \u001b[31m[200, 201]\u001b[39m","pass":false}}],"failureMessages":["Error: \u001b[2mexpect(\u001b[22m\u001b[31mreceived\u001b[39m\u001b[2m).\u001b[22mtoContain\u001b[2m(\u001b[22m\u001b[32mexpected\u001b[39m\u001b[2m) // indexOf\u001b[22m\n\nExpected value: \u001b[32m422\u001b[39m\nReceived array: \u001b[31m[200, 201]\u001b[39m\n    at Object.toContain (D:\\Junkio-Expense-Tracker\\backend\\tests\\transaction.test.js:196:28)\n    at processTicksAndRejections (node:internal/process/task_queues:103:5)"],"fullName":"Transaction API — Successful Create should create a transaction and return 201","invocations":1,"location":null,"numPassingAsserts":0,"retryReasons":[],"startAt":1774076304899,"status":"failed","title":"should create a transaction and return 201"}],"endTime":1774076304949,"message":"\u001b[1m\u001b[31m  \u001b[1m● \u001b[22m\u001b[1mTransaction API — Business Rule Validation › should return 400 when amount is negative\u001b[39m\u001b[22m\n\n    \u001b[2mexpect(\u001b[22m\u001b[31mreceived\u001b[39m\u001b[2m).\u001b[22mtoMatch\u001b[2m(\u001b[22m\u001b[32mexpected\u001b[39m\u001b[2m)\u001b[22m\n\n    Expected pattern: \u001b[32m/lớn hơn 0|Invalid value/i\u001b[39m\n    Received string:  \u001b[31m\"[{\\\"type\\\":\\\"field\\\",\\\"value\\\":\\\"mocked-tx-uuid\\\",\\\"msg\\\":\\\"wallet_id phải là UUID\\\",\\\"path\\\":\\\"wallet_id\\\",\\\"location\\\":\\\"body\\\"},{\\\"type\\\":\\\"field\\\",\\\"value\\\":-100,\\\"msg\\\":\\\"amount phải > 0\\\",\\\"path\\\":\\\"amount\\\",\\\"location\\\":\\\"body\\\"}]\"\u001b[39m\n\u001b[2m\u001b[22m\n\u001b[2m    \u001b[0m \u001b[90m 140 |\u001b[39m\u001b[22m\n\u001b[2m     \u001b[90m 141 |\u001b[39m         expect([\u001b[35m400\u001b[39m\u001b[33m,\u001b[39m \u001b[35m422\u001b[39m])\u001b[33m.\u001b[39mtoContain(res\u001b[33m.\u001b[39mstatusCode)\u001b[33m;\u001b[39m\u001b[22m\n\u001b[2m    \u001b[31m\u001b[1m>\u001b[22m\u001b[2m\u001b[39m\u001b[90m 142 |\u001b[39m         expect(res\u001b[33m.\u001b[39mbody\u001b[33m.\u001b[39mmessage \u001b[33m||\u001b[39m \u001b[33mJSON\u001b[39m\u001b[33m.\u001b[39mstringify(res\u001b[33m.\u001b[39mbody\u001b[33m.\u001b[39merrors))\u001b[33m.\u001b[39mtoMatch(\u001b[35m/lớn hơn 0|Invalid value/i\u001b[39m)\u001b[33m;\u001b[39m\u001b[22m\n\u001b[2m     \u001b[90m     |\u001b[39m                                                                     \u001b[31m\u001b[1m^\u001b[22m\u001b[2m\u001b[39m\u001b[22m\n\u001b[2m     \u001b[90m 143 |\u001b[39m     })\u001b[33m;\u001b[39m\u001b[22m\n\u001b[2m     \u001b[90m 144 |\u001b[39m\u001b[22m\n\u001b[2m     \u001b[90m 145 |\u001b[39m     it(\u001b[32m'should return 400 when amount is zero'\u001b[39m\u001b[33m,\u001b[39m \u001b[36masync\u001b[39m () \u001b[33m=>\u001b[39m {\u001b[0m\u001b[22m\n\u001b[2m\u001b[22m\n\u001b[2m      \u001b[2mat Object.toMatch (\u001b[22m\u001b[2m\u001b[0m\u001b[36mtests/transaction.test.js\u001b[39m\u001b[0m\u001b[2m:142:69)\u001b[22m\u001b[2m\u001b[22m\n\n\u001b[1m\u001b[31m  \u001b[1m● \u001b[22m\u001b[1mTransaction API — Successful Create › should create a transaction and return 201\u001b[39m\u001b[22m\n\n    \u001b[2mexpect(\u001b[22m\u001b[31mreceived\u001b[39m\u001b[2m).\u001b[22mtoContain\u001b[2m(\u001b[22m\u001b[32mexpected\u001b[39m\u001b[2m) // indexOf\u001b[22m\n\n    Expected value: \u001b[32m422\u001b[39m\n    Received array: \u001b[31m[200, 201]\u001b[39m\n\u001b[2m\u001b[22m\n\u001b[2m    \u001b[0m \u001b[90m 194 |\u001b[39m\u001b[22m\n\u001b[2m     \u001b[90m 195 |\u001b[39m         \u001b[90m// 201 created hoặc 200 tùy implementation\u001b[39m\u001b[22m\n\u001b[2m    \u001b[31m\u001b[1m>\u001b[22m\u001b[2m\u001b[39m\u001b[90m 196 |\u001b[39m         expect([\u001b[35m200\u001b[39m\u001b[33m,\u001b[39m \u001b[35m201\u001b[39m])\u001b[33m.\u001b[39mtoContain(res\u001b[33m.\u001b[39mstatusCode)\u001b[33m;\u001b[39m\u001b[22m\n\u001b[2m     \u001b[90m     |\u001b[39m                            \u001b[31m\u001b[1m^\u001b[22m\u001b[2m\u001b[39m\u001b[22m\n\u001b[2m     \u001b[90m 197 |\u001b[39m         expect(res\u001b[33m.\u001b[39mbody\u001b[33m.\u001b[39mdata)\u001b[33m.\u001b[39mtoHaveProperty(\u001b[32m'id'\u001b[39m)\u001b[33m;\u001b[39m\u001b[22m\n\u001b[2m     \u001b[90m 198 |\u001b[39m         expect(parseFloat(res\u001b[33m.\u001b[39mbody\u001b[33m.\u001b[39mdata\u001b[33m.\u001b[39mamount))\u001b[33m.\u001b[39mtoEqual(\u001b[35m150000\u001b[39m)\u001b[33m;\u001b[39m\u001b[22m\n\u001b[2m     \u001b[90m 199 |\u001b[39m     })\u001b[33m;\u001b[39m\u001b[0m\u001b[22m\n\u001b[2m\u001b[22m\n\u001b[2m      \u001b[2mat Object.toContain (\u001b[22m\u001b[2m\u001b[0m\u001b[36mtests/transaction.test.js\u001b[39m\u001b[0m\u001b[2m:196:28)\u001b[22m\u001b[2m\u001b[22m\n","name":"D:\\Junkio-Expense-Tracker\\backend\\tests\\transaction.test.js","startTime":1774076304268,"status":"failed","summary":""},{"assertionResults":[{"ancestorTitles":["Admin API Endpoints"],"duration":46,"failing":false,"failureDetails":[],"failureMessages":[],"fullName":"Admin API Endpoints GET /api/admin/users should return paginated list of users","invocations":1,"location":null,"numPassingAsserts":4,"retryReasons":[],"startAt":1774076305544,"status":"passed","title":"GET /api/admin/users should return paginated list of users"},{"ancestorTitles":["Admin API Endpoints"],"duration":17,"failing":false,"failureDetails":[],"failureMessages":[],"fullName":"Admin API Endpoints GET /api/admin/analytics should return system stats","invocations":1,"location":null,"numPassingAsserts":3,"retryReasons":[],"startAt":1774076305591,"status":"passed","title":"GET /api/admin/analytics should return system stats"},{"ancestorTitles":["Admin API Endpoints"],"duration":43,"failing":false,"failureDetails":[{"matcherResult":{"actual":422,"expected":200,"message":"\u001b[2mexpect(\u001b[22m\u001b[31mreceived\u001b[39m\u001b[2m).\u001b[22mtoEqual\u001b[2m(\u001b[22m\u001b[32mexpected\u001b[39m\u001b[2m) // deep equality\u001b[22m\n\nExpected: \u001b[32m200\u001b[39m\nReceived: \u001b[31m422\u001b[39m","name":"toEqual","pass":false}}],"failureMessages":["Error: \u001b[2mexpect(\u001b[22m\u001b[31mreceived\u001b[39m\u001b[2m).\u001b[22mtoEqual\u001b[2m(\u001b[22m\u001b[32mexpected\u001b[39m\u001b[2m) // deep equality\u001b[22m\n\nExpected: \u001b[32m200\u001b[39m\nReceived: \u001b[31m422\u001b[39m\n    at Object.toEqual (D:\\Junkio-Expense-Tracker\\backend\\tests\\admin.test.js:135:32)\n    at processTicksAndRejections (node:internal/process/task_queues:103:5)"],"fullName":"Admin API Endpoints DELETE /api/admin/users/:id should soft delete user","invocations":1,"location":null,"numPassingAsserts":0,"retryReasons":[],"startAt":1774076305609,"status":"failed","title":"DELETE /api/admin/users/:id should soft delete user"}],"endTime":1774076305664,"message":"\u001b[1m\u001b[31m  \u001b[1m● \u001b[22m\u001b[1mAdmin API Endpoints › DELETE /api/admin/users/:id should soft delete user\u001b[39m\u001b[22m\n\n    \u001b[2mexpect(\u001b[22m\u001b[31mreceived\u001b[39m\u001b[2m).\u001b[22mtoEqual\u001b[2m(\u001b[22m\u001b[32mexpected\u001b[39m\u001b[2m) // deep equality\u001b[22m\n\n    Expected: \u001b[32m200\u001b[39m\n    Received: \u001b[31m422\u001b[39m\n\u001b[2m\u001b[22m\n\u001b[2m    \u001b[0m \u001b[90m 133 |\u001b[39m     it(\u001b[32m'DELETE /api/admin/users/:id should soft delete user'\u001b[39m\u001b[33m,\u001b[39m \u001b[36masync\u001b[39m () \u001b[33m=>\u001b[39m {\u001b[22m\n\u001b[2m     \u001b[90m 134 |\u001b[39m         \u001b[36mconst\u001b[39m res \u001b[33m=\u001b[39m \u001b[36mawait\u001b[39m request(app)\u001b[33m.\u001b[39m\u001b[36mdelete\u001b[39m(\u001b[32m'/api/admin/users/user-id'\u001b[39m)\u001b[33m;\u001b[39m\u001b[22m\n\u001b[2m    \u001b[31m\u001b[1m>\u001b[22m\u001b[2m\u001b[39m\u001b[90m 135 |\u001b[39m         expect(res\u001b[33m.\u001b[39mstatusCode)\u001b[33m.\u001b[39mtoEqual(\u001b[35m200\u001b[39m)\u001b[33m;\u001b[39m\u001b[22m\n\u001b[2m     \u001b[90m     |\u001b[39m                                \u001b[31m\u001b[1m^\u001b[22m\u001b[2m\u001b[39m\u001b[22m\n\u001b[2m     \u001b[90m 136 |\u001b[39m         expect(res\u001b[33m.\u001b[39mbody\u001b[33m.\u001b[39mmessage)\u001b[33m.\u001b[39mtoContain(\u001b[32m'Xóa người dùng thành công'\u001b[39m)\u001b[33m;\u001b[39m\u001b[22m\n\u001b[2m     \u001b[90m 137 |\u001b[39m     })\u001b[33m;\u001b[39m\u001b[22m\n\u001b[2m     \u001b[90m 138 |\u001b[39m })\u001b[33m;\u001b[39m\u001b[0m\u001b[22m\n\u001b[2m\u001b[22m\n\u001b[2m      \u001b[2mat Object.toEqual (\u001b[22m\u001b[2m\u001b[0m\u001b[36mtests/admin.test.js\u001b[39m\u001b[0m\u001b[2m:135:32)\u001b[22m\u001b[2m\u001b[22m\n","name":"D:\\Junkio-Expense-Tracker\\backend\\tests\\admin.test.js","startTime":1774076304962,"status":"failed","summary":""}],"wasInterrupted":false}
