{"numFailedTestSuites":1,"numFailedTests":1,"numPassedTestSuites":0,"numPassedTests":5,"numPendingTestSuites":0,"numPendingTests":0,"numRuntimeErrorTestSuites":0,"numTodoTests":0,"numTotalTestSuites":1,"numTotalTests":6,"openHandles":[],"snapshot":{"added":0,"didUpdate":false,"failure":false,"filesAdded":0,"filesRemoved":0,"filesRemovedList":[],"filesUnmatched":0,"filesUpdated":0,"matched":0,"total":0,"unchecked":0,"uncheckedKeysByFile":[],"unmatched":0,"updated":0},"startTime":1774076891895,"success":false,"testResults":[{"assertionResults":[{"ancestorTitles":["Transaction API — Business Rule Validation"],"duration":71,"failing":false,"failureDetails":[],"failureMessages":[],"fullName":"Transaction API — Business Rule Validation should return 400 when wallet_id is missing","invocations":1,"location":null,"numPassingAsserts":2,"retryReasons":[],"startAt":1774076893392,"status":"passed","title":"should return 400 when wallet_id is missing"},{"ancestorTitles":["Transaction API — Business Rule Validation"],"duration":29,"failing":false,"failureDetails":[{"matcherResult":{"message":"\u001b[2mexpect(\u001b[22m\u001b[31mreceived\u001b[39m\u001b[2m).\u001b[22mtoMatch\u001b[2m(\u001b[22m\u001b[32mexpected\u001b[39m\u001b[2m)\u001b[22m\n\nExpected pattern: \u001b[32m/lớn hơn 0|Invalid value/i\u001b[39m\nReceived string:  \u001b[31m\"[{\\\"type\\\":\\\"field\\\",\\\"value\\\":\\\"mocked-tx-uuid\\\",\\\"msg\\\":\\\"wallet_id phải là UUID\\\",\\\"path\\\":\\\"wallet_id\\\",\\\"location\\\":\\\"body\\\"},{\\\"type\\\":\\\"field\\\",\\\"value\\\":-100,\\\"msg\\\":\\\"amount phải > 0\\\",\\\"path\\\":\\\"amount\\\",\\\"location\\\":\\\"body\\\"}]\"\u001b[39m","pass":false}}],"failureMessages":["Error: \u001b[2mexpect(\u001b[22m\u001b[31mreceived\u001b[39m\u001b[2m).\u001b[22mtoMatch\u001b[2m(\u001b[22m\u001b[32mexpected\u001b[39m\u001b[2m)\u001b[22m\n\nExpected pattern: \u001b[32m/lớn hơn 0|Invalid value/i\u001b[39m\nReceived string:  \u001b[31m\"[{\\\"type\\\":\\\"field\\\",\\\"value\\\":\\\"mocked-tx-uuid\\\",\\\"msg\\\":\\\"wallet_id phải là UUID\\\",\\\"path\\\":\\\"wallet_id\\\",\\\"location\\\":\\\"body\\\"},{\\\"type\\\":\\\"field\\\",\\\"value\\\":-100,\\\"msg\\\":\\\"amount phải > 0\\\",\\\"path\\\":\\\"amount\\\",\\\"location\\\":\\\"body\\\"}]\"\u001b[39m\n    at Object.toMatch (D:\\Junkio-Expense-Tracker\\backend\\tests\\transaction.test.js:142:69)\n    at processTicksAndRejections (node:internal/process/task_queues:103:5)"],"fullName":"Transaction API — Business Rule Validation should return 400 when amount is negative","invocations":1,"location":null,"numPassingAsserts":1,"retryReasons":[],"startAt":1774076893465,"status":"failed","title":"should return 400 when amount is negative"},{"ancestorTitles":["Transaction API — Business Rule Validation"],"duration":34,"failing":false,"failureDetails":[],"failureMessages":[],"fullName":"Transaction API — Business Rule Validation should return 400 when amount is zero","invocations":1,"location":null,"numPassingAsserts":1,"retryReasons":[],"startAt":1774076893496,"status":"passed","title":"should return 400 when amount is zero"},{"ancestorTitles":["Transaction API — Business Rule Validation"],"duration":16,"failing":false,"failureDetails":[],"failureMessages":[],"fullName":"Transaction API — Business Rule Validation should return 400 when type is invalid","invocations":1,"location":null,"numPassingAsserts":2,"retryReasons":[],"startAt":1774076893531,"status":"passed","title":"should return 400 when type is invalid"},{"ancestorTitles":["Transaction API — GET /:id Validation"],"duration":29,"failing":false,"failureDetails":[],"failureMessages":[],"fullName":"Transaction API — GET /:id Validation should return 404 or error for non-existent transaction id","invocations":1,"location":null,"numPassingAsserts":1,"retryReasons":[],"startAt":1774076893548,"status":"passed","title":"should return 404 or error for non-existent transaction id"},{"ancestorTitles":["Transaction API — Successful Create"],"duration":11,"failing":false,"failureDetails":[],"failureMessages":[],"fullName":"Transaction API — Successful Create should create a transaction and return 201","invocations":1,"location":null,"numPassingAsserts":1,"retryReasons":[],"startAt":1774076893577,"status":"passed","title":"should create a transaction and return 201"}],"endTime":1774076893609,"message":"\u001b[1m\u001b[31m  \u001b[1m● \u001b[22m\u001b[1mTransaction API — Business Rule Validation › should return 400 when amount is negative\u001b[39m\u001b[22m\n\n    \u001b[2mexpect(\u001b[22m\u001b[31mreceived\u001b[39m\u001b[2m).\u001b[22mtoMatch\u001b[2m(\u001b[22m\u001b[32mexpected\u001b[39m\u001b[2m)\u001b[22m\n\n    Expected pattern: \u001b[32m/lớn hơn 0|Invalid value/i\u001b[39m\n    Received string:  \u001b[31m\"[{\\\"type\\\":\\\"field\\\",\\\"value\\\":\\\"mocked-tx-uuid\\\",\\\"msg\\\":\\\"wallet_id phải là UUID\\\",\\\"path\\\":\\\"wallet_id\\\",\\\"location\\\":\\\"body\\\"},{\\\"type\\\":\\\"field\\\",\\\"value\\\":-100,\\\"msg\\\":\\\"amount phải > 0\\\",\\\"path\\\":\\\"amount\\\",\\\"location\\\":\\\"body\\\"}]\"\u001b[39m\n\u001b[2m\u001b[22m\n\u001b[2m    \u001b[0m \u001b[90m 140 |\u001b[39m\u001b[22m\n\u001b[2m     \u001b[90m 141 |\u001b[39m         expect([\u001b[35m400\u001b[39m\u001b[33m,\u001b[39m \u001b[35m422\u001b[39m])\u001b[33m.\u001b[39mtoContain(res\u001b[33m.\u001b[39mstatusCode)\u001b[33m;\u001b[39m\u001b[22m\n\u001b[2m    \u001b[31m\u001b[1m>\u001b[22m\u001b[2m\u001b[39m\u001b[90m 142 |\u001b[39m         expect(res\u001b[33m.\u001b[39mbody\u001b[33m.\u001b[39mmessage \u001b[33m||\u001b[39m \u001b[33mJSON\u001b[39m\u001b[33m.\u001b[39mstringify(res\u001b[33m.\u001b[39mbody\u001b[33m.\u001b[39merrors))\u001b[33m.\u001b[39mtoMatch(\u001b[35m/lớn hơn 0|Invalid value/i\u001b[39m)\u001b[33m;\u001b[39m\u001b[22m\n\u001b[2m     \u001b[90m     |\u001b[39m                                                                     \u001b[31m\u001b[1m^\u001b[22m\u001b[2m\u001b[39m\u001b[22m\n\u001b[2m     \u001b[90m 143 |\u001b[39m     })\u001b[33m;\u001b[39m\u001b[22m\n\u001b[2m     \u001b[90m 144 |\u001b[39m\u001b[22m\n\u001b[2m     \u001b[90m 145 |\u001b[39m     it(\u001b[32m'should return 400 when amount is zero'\u001b[39m\u001b[33m,\u001b[39m \u001b[36masync\u001b[39m () \u001b[33m=>\u001b[39m {\u001b[0m\u001b[22m\n\u001b[2m\u001b[22m\n\u001b[2m      \u001b[2mat Object.toMatch (\u001b[22m\u001b[2m\u001b[0m\u001b[36mtests/transaction.test.js\u001b[39m\u001b[0m\u001b[2m:142:69)\u001b[22m\u001b[2m\u001b[22m\n","name":"D:\\Junkio-Expense-Tracker\\backend\\tests\\transaction.test.js","startTime":1774076891971,"status":"failed","summary":""}],"wasInterrupted":false}
