{"numFailedTestSuites":2,"numFailedTests":3,"numPassedTestSuites":16,"numPassedTests":94,"numPendingTestSuites":0,"numPendingTests":0,"numRuntimeErrorTestSuites":0,"numTodoTests":0,"numTotalTestSuites":18,"numTotalTests":97,"openHandles":[],"snapshot":{"added":0,"didUpdate":false,"failure":false,"filesAdded":0,"filesRemoved":0,"filesRemovedList":[],"filesUnmatched":0,"filesUpdated":0,"matched":0,"total":0,"unchecked":0,"uncheckedKeysByFile":[],"unmatched":0,"updated":0},"startTime":1774091567112,"success":false,"testResults":[{"assertionResults":[{"ancestorTitles":["Wallet API Endpoints","GET /api/wallets"],"duration":44,"failing":false,"failureDetails":[],"failureMessages":[],"fullName":"Wallet API Endpoints GET /api/wallets should return 200 and list only owned or family wallets","invocations":1,"location":null,"numPassingAsserts":6,"retryReasons":[],"startAt":1774091568722,"status":"passed","title":"should return 200 and list only owned or family wallets"},{"ancestorTitles":["Wallet API Endpoints","POST /api/wallets"],"duration":28,"failing":false,"failureDetails":[],"failureMessages":[],"fullName":"Wallet API Endpoints POST /api/wallets should create a new wallet successfully","invocations":1,"location":null,"numPassingAsserts":4,"retryReasons":[],"startAt":1774091568768,"status":"passed","title":"should create a new wallet successfully"},{"ancestorTitles":["Wallet API Endpoints","POST /api/wallets"],"duration":8,"failing":false,"failureDetails":[],"failureMessages":[],"fullName":"Wallet API Endpoints POST /api/wallets should return 422 for invalid data (name too short)","invocations":1,"location":null,"numPassingAsserts":2,"retryReasons":[],"startAt":1774091568797,"status":"passed","title":"should return 422 for invalid data (name too short)"},{"ancestorTitles":["Wallet API Endpoints","PUT /api/wallets/:id"],"duration":18,"failing":false,"failureDetails":[],"failureMessages":[],"fullName":"Wallet API Endpoints PUT /api/wallets/:id should update wallet name and balance","invocations":1,"location":null,"numPassingAsserts":3,"retryReasons":[],"startAt":1774091568806,"status":"passed","title":"should update wallet name and balance"},{"ancestorTitles":["Wallet API Endpoints","PUT /api/wallets/:id"],"duration":10,"failing":false,"failureDetails":[],"failureMessages":[],"fullName":"Wallet API Endpoints PUT /api/wallets/:id should return 404 for an unauthorized wallet or fake ID","invocations":1,"location":null,"numPassingAsserts":1,"retryReasons":[],"startAt":1774091568824,"status":"passed","title":"should return 404 for an unauthorized wallet or fake ID"},{"ancestorTitles":["Wallet API Endpoints","DELETE /api/wallets/:id"],"duration":14,"failing":false,"failureDetails":[{"matcherResult":{"message":"\u001b[2mexpect(\u001b[22m\u001b[31mreceived\u001b[39m\u001b[2m).\u001b[22mtoMatch\u001b[2m(\u001b[22m\u001b[32mexpected\u001b[39m\u001b[2m)\u001b[22m\n\nExpected pattern: \u001b[32m/Không thể xóa ví đang có giao dịch/\u001b[39m\nReceived string:  \u001b[31m\"Khong the xoa vi dang co giao dich\"\u001b[39m","pass":false}}],"failureMessages":["Error: \u001b[2mexpect(\u001b[22m\u001b[31mreceived\u001b[39m\u001b[2m).\u001b[22mtoMatch\u001b[2m(\u001b[22m\u001b[32mexpected\u001b[39m\u001b[2m)\u001b[22m\n\nExpected pattern: \u001b[32m/Không thể xóa ví đang có giao dịch/\u001b[39m\nReceived string:  \u001b[31m\"Khong the xoa vi dang co giao dich\"\u001b[39m\n    at Object.toMatch (D:\\Junkio-Expense-Tracker\\backend\\tests\\wallets.test.js:145:38)\n    at processTicksAndRejections (node:internal/process/task_queues:103:5)"],"fullName":"Wallet API Endpoints DELETE /api/wallets/:id should return 400 if wallet has existing transactions","invocations":1,"location":null,"numPassingAsserts":1,"retryReasons":[],"startAt":1774091568835,"status":"failed","title":"should return 400 if wallet has existing transactions"},{"ancestorTitles":["Wallet API Endpoints","DELETE /api/wallets/:id"],"duration":20,"failing":false,"failureDetails":[{"matcherResult":{"message":"\u001b[2mexpect(\u001b[22m\u001b[31mreceived\u001b[39m\u001b[2m).\u001b[22mtoMatch\u001b[2m(\u001b[22m\u001b[32mexpected\u001b[39m\u001b[2m)\u001b[22m\n\nExpected pattern: \u001b[32m/Đã xóa ví thành công/\u001b[39m\nReceived string:  \u001b[31m\"Da xoa vi thanh cong\"\u001b[39m","pass":false}}],"failureMessages":["Error: \u001b[2mexpect(\u001b[22m\u001b[31mreceived\u001b[39m\u001b[2m).\u001b[22mtoMatch\u001b[2m(\u001b[22m\u001b[32mexpected\u001b[39m\u001b[2m)\u001b[22m\n\nExpected pattern: \u001b[32m/Đã xóa ví thành công/\u001b[39m\nReceived string:  \u001b[31m\"Da xoa vi thanh cong\"\u001b[39m\n    at Object.toMatch (D:\\Junkio-Expense-Tracker\\backend\\tests\\wallets.test.js:155:38)\n    at processTicksAndRejections (node:internal/process/task_queues:103:5)"],"fullName":"Wallet API Endpoints DELETE /api/wallets/:id should delete wallet successfully after removing transactions","invocations":1,"location":null,"numPassingAsserts":1,"retryReasons":[],"startAt":1774091568850,"status":"failed","title":"should delete wallet successfully after removing transactions"}],"endTime":1774091568898,"message":"\u001b[1m\u001b[31m  \u001b[1m● \u001b[22m\u001b[1mWallet API Endpoints › DELETE /api/wallets/:id › should return 400 if wallet has existing transactions\u001b[39m\u001b[22m\n\n    \u001b[2mexpect(\u001b[22m\u001b[31mreceived\u001b[39m\u001b[2m).\u001b[22mtoMatch\u001b[2m(\u001b[22m\u001b[32mexpected\u001b[39m\u001b[2m)\u001b[22m\n\n    Expected pattern: \u001b[32m/Không thể xóa ví đang có giao dịch/\u001b[39m\n    Received string:  \u001b[31m\"Khong the xoa vi dang co giao dich\"\u001b[39m\n\u001b[2m\u001b[22m\n\u001b[2m    \u001b[0m \u001b[90m 143 |\u001b[39m             \u001b[36mconst\u001b[39m res \u001b[33m=\u001b[39m \u001b[36mawait\u001b[39m request(app)\u001b[33m.\u001b[39m\u001b[36mdelete\u001b[39m(\u001b[32m`/api/wallets/${testWalletId}`\u001b[39m)\u001b[33m;\u001b[39m\u001b[22m\n\u001b[2m     \u001b[90m 144 |\u001b[39m             expect(res\u001b[33m.\u001b[39mstatusCode)\u001b[33m.\u001b[39mtoEqual(\u001b[35m400\u001b[39m)\u001b[33m;\u001b[39m\u001b[22m\n\u001b[2m    \u001b[31m\u001b[1m>\u001b[22m\u001b[2m\u001b[39m\u001b[90m 145 |\u001b[39m             expect(res\u001b[33m.\u001b[39mbody\u001b[33m.\u001b[39mmessage)\u001b[33m.\u001b[39mtoMatch(\u001b[35m/Không thể xóa ví đang có giao dịch/\u001b[39m)\u001b[33m;\u001b[39m\u001b[22m\n\u001b[2m     \u001b[90m     |\u001b[39m                                      \u001b[31m\u001b[1m^\u001b[22m\u001b[2m\u001b[39m\u001b[22m\n\u001b[2m     \u001b[90m 146 |\u001b[39m         })\u001b[33m;\u001b[39m\u001b[22m\n\u001b[2m     \u001b[90m 147 |\u001b[39m\u001b[22m\n\u001b[2m     \u001b[90m 148 |\u001b[39m         it(\u001b[32m'should delete wallet successfully after removing transactions'\u001b[39m\u001b[33m,\u001b[39m \u001b[36masync\u001b[39m () \u001b[33m=>\u001b[39m {\u001b[0m\u001b[22m\n\u001b[2m\u001b[22m\n\u001b[2m      \u001b[2mat Object.toMatch (\u001b[22m\u001b[2m\u001b[0m\u001b[36mtests/wallets.test.js\u001b[39m\u001b[0m\u001b[2m:145:38)\u001b[22m\u001b[2m\u001b[22m\n\n\u001b[1m\u001b[31m  \u001b[1m● \u001b[22m\u001b[1mWallet API Endpoints › DELETE /api/wallets/:id › should delete wallet successfully after removing transactions\u001b[39m\u001b[22m\n\n    \u001b[2mexpect(\u001b[22m\u001b[31mreceived\u001b[39m\u001b[2m).\u001b[22mtoMatch\u001b[2m(\u001b[22m\u001b[32mexpected\u001b[39m\u001b[2m)\u001b[22m\n\n    Expected pattern: \u001b[32m/Đã xóa ví thành công/\u001b[39m\n    Received string:  \u001b[31m\"Da xoa vi thanh cong\"\u001b[39m\n\u001b[2m\u001b[22m\n\u001b[2m    \u001b[0m \u001b[90m 153 |\u001b[39m             \u001b[36mconst\u001b[39m res \u001b[33m=\u001b[39m \u001b[36mawait\u001b[39m request(app)\u001b[33m.\u001b[39m\u001b[36mdelete\u001b[39m(\u001b[32m`/api/wallets/${deleteId}`\u001b[39m)\u001b[33m;\u001b[39m\u001b[22m\n\u001b[2m     \u001b[90m 154 |\u001b[39m             expect(res\u001b[33m.\u001b[39mstatusCode)\u001b[33m.\u001b[39mtoEqual(\u001b[35m200\u001b[39m)\u001b[33m;\u001b[39m\u001b[22m\n\u001b[2m    \u001b[31m\u001b[1m>\u001b[22m\u001b[2m\u001b[39m\u001b[90m 155 |\u001b[39m             expect(res\u001b[33m.\u001b[39mbody\u001b[33m.\u001b[39mmessage)\u001b[33m.\u001b[39mtoMatch(\u001b[35m/Đã xóa ví thành công/\u001b[39m)\u001b[33m;\u001b[39m\u001b[22m\n\u001b[2m     \u001b[90m     |\u001b[39m                                      \u001b[31m\u001b[1m^\u001b[22m\u001b[2m\u001b[39m\u001b[22m\n\u001b[2m     \u001b[90m 156 |\u001b[39m         })\u001b[33m;\u001b[39m\u001b[22m\n\u001b[2m     \u001b[90m 157 |\u001b[39m     })\u001b[33m;\u001b[39m\u001b[22m\n\u001b[2m     \u001b[90m 158 |\u001b[39m })\u001b[33m;\u001b[39m\u001b[0m\u001b[22m\n\u001b[2m\u001b[22m\n\u001b[2m      \u001b[2mat Object.toMatch (\u001b[22m\u001b[2m\u001b[0m\u001b[36mtests/wallets.test.js\u001b[39m\u001b[0m\u001b[2m:155:38)\u001b[22m\u001b[2m\u001b[22m\n","name":"D:\\Junkio-Expense-Tracker\\backend\\tests\\wallets.test.js","startTime":1774091567195,"status":"failed","summary":""},{"assertionResults":[{"ancestorTitles":["Goal API Endpoints","GET /api/goals"],"duration":11,"failing":false,"failureDetails":[{"matcherResult":{"actual":500,"expected":200,"message":"\u001b[2mexpect(\u001b[22m\u001b[31mreceived\u001b[39m\u001b[2m).\u001b[22mtoEqual\u001b[2m(\u001b[22m\u001b[32mexpected\u001b[39m\u001b[2m) // deep equality\u001b[22m\n\nExpected: \u001b[32m200\u001b[39m\nReceived: \u001b[31m500\u001b[39m","name":"toEqual","pass":false}}],"failureMessages":["Error: \u001b[2mexpect(\u001b[22m\u001b[31mreceived\u001b[39m\u001b[2m).\u001b[22mtoEqual\u001b[2m(\u001b[22m\u001b[32mexpected\u001b[39m\u001b[2m) // deep equality\u001b[22m\n\nExpected: \u001b[32m200\u001b[39m\nReceived: \u001b[31m500\u001b[39m\n    at Object.toEqual (D:\\Junkio-Expense-Tracker\\backend\\tests\\goals.test.js:106:36)\n    at processTicksAndRejections (node:internal/process/task_queues:103:5)"],"fullName":"Goal API Endpoints GET /api/goals should return 200 and list personal goals","invocations":1,"location":null,"numPassingAsserts":0,"retryReasons":[],"startAt":1774091569266,"status":"failed","title":"should return 200 and list personal goals"},{"ancestorTitles":["Goal API Endpoints","POST /api/goals"],"duration":11,"failing":false,"failureDetails":[],"failureMessages":[],"fullName":"Goal API Endpoints POST /api/goals should create a new goal successfully","invocations":1,"location":null,"numPassingAsserts":4,"retryReasons":[],"startAt":1774091569278,"status":"passed","title":"should create a new goal successfully"},{"ancestorTitles":["Goal API Endpoints","POST /api/goals"],"duration":5,"failing":false,"failureDetails":[],"failureMessages":[],"fullName":"Goal API Endpoints POST /api/goals should return 422 if targetAmount <= 0","invocations":1,"location":null,"numPassingAsserts":2,"retryReasons":[],"startAt":1774091569290,"status":"passed","title":"should return 422 if targetAmount <= 0"},{"ancestorTitles":["Goal API Endpoints","POST /api/goals"],"duration":4,"failing":false,"failureDetails":[],"failureMessages":[],"fullName":"Goal API Endpoints POST /api/goals should return 422 if name is too short","invocations":1,"location":null,"numPassingAsserts":2,"retryReasons":[],"startAt":1774091569296,"status":"passed","title":"should return 422 if name is too short"},{"ancestorTitles":["Goal API Endpoints","PUT /api/goals/:id"],"duration":10,"failing":false,"failureDetails":[],"failureMessages":[],"fullName":"Goal API Endpoints PUT /api/goals/:id should update goal details","invocations":1,"location":null,"numPassingAsserts":3,"retryReasons":[],"startAt":1774091569300,"status":"passed","title":"should update goal details"},{"ancestorTitles":["Goal API Endpoints","PUT /api/goals/:id"],"duration":6,"failing":false,"failureDetails":[],"failureMessages":[],"fullName":"Goal API Endpoints PUT /api/goals/:id should return 404 for alien goal","invocations":1,"location":null,"numPassingAsserts":2,"retryReasons":[],"startAt":1774091569310,"status":"passed","title":"should return 404 for alien goal"},{"ancestorTitles":["Goal API Endpoints","POST /api/goals/:id/deposit"],"duration":17,"failing":false,"failureDetails":[],"failureMessages":[],"fullName":"Goal API Endpoints POST /api/goals/:id/deposit should deposit money into goal and update wallet balance","invocations":1,"location":null,"numPassingAsserts":7,"retryReasons":[],"startAt":1774091569317,"status":"passed","title":"should deposit money into goal and update wallet balance"},{"ancestorTitles":["Goal API Endpoints","POST /api/goals/:id/deposit"],"duration":7,"failing":false,"failureDetails":[],"failureMessages":[],"fullName":"Goal API Endpoints POST /api/goals/:id/deposit should return 400 if wallet balance is insufficient","invocations":1,"location":null,"numPassingAsserts":2,"retryReasons":[],"startAt":1774091569334,"status":"passed","title":"should return 400 if wallet balance is insufficient"},{"ancestorTitles":["Goal API Endpoints","POST /api/goals/:id/deposit"],"duration":6,"failing":false,"failureDetails":[],"failureMessages":[],"fullName":"Goal API Endpoints POST /api/goals/:id/deposit should return 422 if amount is negative","invocations":1,"location":null,"numPassingAsserts":2,"retryReasons":[],"startAt":1774091569341,"status":"passed","title":"should return 422 if amount is negative"},{"ancestorTitles":["Goal API Endpoints","DELETE /api/goals/:id"],"duration":8,"failing":false,"failureDetails":[],"failureMessages":[],"fullName":"Goal API Endpoints DELETE /api/goals/:id should delete goal successfully","invocations":1,"location":null,"numPassingAsserts":3,"retryReasons":[],"startAt":1774091569350,"status":"passed","title":"should delete goal successfully"}],"endTime":1774091569367,"message":"\u001b[1m\u001b[31m  \u001b[1m● \u001b[22m\u001b[1mGoal API Endpoints › GET /api/goals › should return 200 and list personal goals\u001b[39m\u001b[22m\n\n    \u001b[2mexpect(\u001b[22m\u001b[31mreceived\u001b[39m\u001b[2m).\u001b[22mtoEqual\u001b[2m(\u001b[22m\u001b[32mexpected\u001b[39m\u001b[2m) // deep equality\u001b[22m\n\n    Expected: \u001b[32m200\u001b[39m\n    Received: \u001b[31m500\u001b[39m\n\u001b[2m\u001b[22m\n\u001b[2m    \u001b[0m \u001b[90m 104 |\u001b[39m         it(\u001b[32m'should return 200 and list personal goals'\u001b[39m\u001b[33m,\u001b[39m \u001b[36masync\u001b[39m () \u001b[33m=>\u001b[39m {\u001b[22m\n\u001b[2m     \u001b[90m 105 |\u001b[39m             \u001b[36mconst\u001b[39m res \u001b[33m=\u001b[39m \u001b[36mawait\u001b[39m request(app)\u001b[33m.\u001b[39m\u001b[36mget\u001b[39m(\u001b[32m'/api/goals'\u001b[39m)\u001b[33m;\u001b[39m\u001b[22m\n\u001b[2m    \u001b[31m\u001b[1m>\u001b[22m\u001b[2m\u001b[39m\u001b[90m 106 |\u001b[39m             expect(res\u001b[33m.\u001b[39mstatusCode)\u001b[33m.\u001b[39mtoEqual(\u001b[35m200\u001b[39m)\u001b[33m;\u001b[39m\u001b[22m\n\u001b[2m     \u001b[90m     |\u001b[39m                                    \u001b[31m\u001b[1m^\u001b[22m\u001b[2m\u001b[39m\u001b[22m\n\u001b[2m     \u001b[90m 107 |\u001b[39m             expect(res\u001b[33m.\u001b[39mbody\u001b[33m.\u001b[39mdata)\u001b[33m.\u001b[39mtoBeInstanceOf(\u001b[33mArray\u001b[39m)\u001b[33m;\u001b[39m\u001b[22m\n\u001b[2m     \u001b[90m 108 |\u001b[39m             expect(res\u001b[33m.\u001b[39mbody\u001b[33m.\u001b[39mdata\u001b[33m.\u001b[39mlength)\u001b[33m.\u001b[39mtoEqual(\u001b[35m1\u001b[39m)\u001b[33m;\u001b[39m\u001b[22m\n\u001b[2m     \u001b[90m 109 |\u001b[39m             expect(\u001b[33mNumber\u001b[39m(res\u001b[33m.\u001b[39mbody\u001b[33m.\u001b[39mdata[\u001b[35m0\u001b[39m]\u001b[33m.\u001b[39mtargetAmount))\u001b[33m.\u001b[39mtoEqual(\u001b[35m30000000\u001b[39m)\u001b[33m;\u001b[39m\u001b[0m\u001b[22m\n\u001b[2m\u001b[22m\n\u001b[2m      \u001b[2mat Object.toEqual (\u001b[22m\u001b[2m\u001b[0m\u001b[36mtests/goals.test.js\u001b[39m\u001b[0m\u001b[2m:106:36)\u001b[22m\u001b[2m\u001b[22m\n","name":"D:\\Junkio-Expense-Tracker\\backend\\tests\\goals.test.js","startTime":1774091568913,"status":"failed","summary":""},{"assertionResults":[{"ancestorTitles":["User API Endpoints","GET /api/users/me"],"duration":10,"failing":false,"failureDetails":[],"failureMessages":[],"fullName":"User API Endpoints GET /api/users/me should get current user profile","invocations":1,"location":null,"numPassingAsserts":6,"retryReasons":[],"startAt":1774091569799,"status":"passed","title":"should get current user profile"},{"ancestorTitles":["User API Endpoints","PUT /api/users/me"],"duration":16,"failing":false,"failureDetails":[],"failureMessages":[],"fullName":"User API Endpoints PUT /api/users/me should update user profile successfully","invocations":1,"location":null,"numPassingAsserts":4,"retryReasons":[],"startAt":1774091569810,"status":"passed","title":"should update user profile successfully"},{"ancestorTitles":["User API Endpoints","PUT /api/users/me"],"duration":5,"failing":false,"failureDetails":[],"failureMessages":[],"fullName":"User API Endpoints PUT /api/users/me should return 422 for invalid name length","invocations":1,"location":null,"numPassingAsserts":2,"retryReasons":[],"startAt":1774091569826,"status":"passed","title":"should return 422 for invalid name length"},{"ancestorTitles":["User API Endpoints","PUT /api/users/me/password"],"duration":253,"failing":false,"failureDetails":[],"failureMessages":[],"fullName":"User API Endpoints PUT /api/users/me/password should change password with correct current password","invocations":1,"location":null,"numPassingAsserts":3,"retryReasons":[],"startAt":1774091569832,"status":"passed","title":"should change password with correct current password"},{"ancestorTitles":["User API Endpoints","PUT /api/users/me/password"],"duration":94,"failing":false,"failureDetails":[],"failureMessages":[],"fullName":"User API Endpoints PUT /api/users/me/password should return 400 with incorrect current password","invocations":1,"location":null,"numPassingAsserts":2,"retryReasons":[],"startAt":1774091570086,"status":"passed","title":"should return 400 with incorrect current password"},{"ancestorTitles":["User API Endpoints","PUT /api/users/me/password"],"duration":5,"failing":false,"failureDetails":[],"failureMessages":[],"fullName":"User API Endpoints PUT /api/users/me/password should return 422 for short new password via validator","invocations":1,"location":null,"numPassingAsserts":2,"retryReasons":[],"startAt":1774091570180,"status":"passed","title":"should return 422 for short new password via validator"}],"endTime":1774091570186,"message":"","name":"D:\\Junkio-Expense-Tracker\\backend\\tests\\users.test.js","startTime":1774091569384,"status":"passed","summary":""},{"assertionResults":[{"ancestorTitles":["Auth API Endpoints"],"duration":91,"failing":false,"failureDetails":[],"failureMessages":[],"fullName":"Auth API Endpoints should register a new user successfully","invocations":1,"location":null,"numPassingAsserts":3,"retryReasons":[],"startAt":1774091570668,"status":"passed","title":"should register a new user successfully"},{"ancestorTitles":["Auth API Endpoints"],"duration":5,"failing":false,"failureDetails":[],"failureMessages":[],"fullName":"Auth API Endpoints should fail registration with existing email","invocations":1,"location":null,"numPassingAsserts":2,"retryReasons":[],"startAt":1774091570759,"status":"passed","title":"should fail registration with existing email"},{"ancestorTitles":["Auth API Endpoints"],"duration":80,"failing":false,"failureDetails":[],"failureMessages":[],"fullName":"Auth API Endpoints should login an existing user","invocations":1,"location":null,"numPassingAsserts":3,"retryReasons":[],"startAt":1774091570765,"status":"passed","title":"should login an existing user"},{"ancestorTitles":["Auth API Endpoints"],"duration":75,"failing":false,"failureDetails":[],"failureMessages":[],"fullName":"Auth API Endpoints should fail login with wrong password","invocations":1,"location":null,"numPassingAsserts":1,"retryReasons":[],"startAt":1774091570846,"status":"passed","title":"should fail login with wrong password"},{"ancestorTitles":["Auth Validation (Input Rules)"],"duration":5,"failing":false,"failureDetails":[],"failureMessages":[],"fullName":"Auth Validation (Input Rules) should reject register with invalid email format","invocations":1,"location":null,"numPassingAsserts":1,"retryReasons":[],"startAt":1774091570921,"status":"passed","title":"should reject register with invalid email format"},{"ancestorTitles":["Auth Validation (Input Rules)"],"duration":4,"failing":false,"failureDetails":[],"failureMessages":[],"fullName":"Auth Validation (Input Rules) should reject register with password shorter than 6 characters","invocations":1,"location":null,"numPassingAsserts":1,"retryReasons":[],"startAt":1774091570927,"status":"passed","title":"should reject register with password shorter than 6 characters"},{"ancestorTitles":["Auth Validation (Input Rules)"],"duration":5,"failing":false,"failureDetails":[],"failureMessages":[],"fullName":"Auth Validation (Input Rules) should reject register when required fields are missing","invocations":1,"location":null,"numPassingAsserts":1,"retryReasons":[],"startAt":1774091570932,"status":"passed","title":"should reject register when required fields are missing"}],"endTime":1774091570939,"message":"","name":"D:\\Junkio-Expense-Tracker\\backend\\tests\\auth.test.js","startTime":1774091570193,"status":"passed","summary":""},{"assertionResults":[{"ancestorTitles":["Transaction API — Business Rule Validation"],"duration":23,"failing":false,"failureDetails":[],"failureMessages":[],"fullName":"Transaction API — Business Rule Validation should return 400 when wallet_id is missing","invocations":1,"location":null,"numPassingAsserts":2,"retryReasons":[],"startAt":1774091571452,"status":"passed","title":"should return 400 when wallet_id is missing"},{"ancestorTitles":["Transaction API — Business Rule Validation"],"duration":4,"failing":false,"failureDetails":[],"failureMessages":[],"fullName":"Transaction API — Business Rule Validation should return 400 when amount is negative","invocations":1,"location":null,"numPassingAsserts":2,"retryReasons":[],"startAt":1774091571476,"status":"passed","title":"should return 400 when amount is negative"},{"ancestorTitles":["Transaction API — Business Rule Validation"],"duration":4,"failing":false,"failureDetails":[],"failureMessages":[],"fullName":"Transaction API — Business Rule Validation should return 400 when amount is zero","invocations":1,"location":null,"numPassingAsserts":1,"retryReasons":[],"startAt":1774091571480,"status":"passed","title":"should return 400 when amount is zero"},{"ancestorTitles":["Transaction API — Business Rule Validation"],"duration":4,"failing":false,"failureDetails":[],"failureMessages":[],"fullName":"Transaction API — Business Rule Validation should return 400 when type is invalid","invocations":1,"location":null,"numPassingAsserts":2,"retryReasons":[],"startAt":1774091571485,"status":"passed","title":"should return 400 when type is invalid"},{"ancestorTitles":["Transaction API — GET /:id Validation"],"duration":16,"failing":false,"failureDetails":[],"failureMessages":[],"fullName":"Transaction API — GET /:id Validation should return 404 or error for non-existent transaction id","invocations":1,"location":null,"numPassingAsserts":1,"retryReasons":[],"startAt":1774091571490,"status":"passed","title":"should return 404 or error for non-existent transaction id"},{"ancestorTitles":["Transaction API — Successful Create"],"duration":16,"failing":false,"failureDetails":[],"failureMessages":[],"fullName":"Transaction API — Successful Create should create a transaction and return 201","invocations":1,"location":null,"numPassingAsserts":3,"retryReasons":[],"startAt":1774091571507,"status":"passed","title":"should create a transaction and return 201"}],"endTime":1774091571525,"message":"","name":"D:\\Junkio-Expense-Tracker\\backend\\tests\\transaction.test.js","startTime":1774091570947,"status":"passed","summary":""},{"assertionResults":[{"ancestorTitles":["Family API Endpoints","GET /api/families"],"duration":14,"failing":false,"failureDetails":[],"failureMessages":[],"fullName":"Family API Endpoints GET /api/families should list families user is part of","invocations":1,"location":null,"numPassingAsserts":4,"retryReasons":[],"startAt":1774091571815,"status":"passed","title":"should list families user is part of"},{"ancestorTitles":["Family API Endpoints","POST /api/families"],"duration":27,"failing":false,"failureDetails":[],"failureMessages":[],"fullName":"Family API Endpoints POST /api/families should create a new family and default wallet","invocations":1,"location":null,"numPassingAsserts":6,"retryReasons":[],"startAt":1774091571830,"status":"passed","title":"should create a new family and default wallet"},{"ancestorTitles":["Family API Endpoints","POST /api/families"],"duration":4,"failing":false,"failureDetails":[],"failureMessages":[],"fullName":"Family API Endpoints POST /api/families should return 422 if name is invalid","invocations":1,"location":null,"numPassingAsserts":1,"retryReasons":[],"startAt":1774091571858,"status":"passed","title":"should return 422 if name is invalid"},{"ancestorTitles":["Family API Endpoints","GET /api/families/:id"],"duration":7,"failing":false,"failureDetails":[],"failureMessages":[],"fullName":"Family API Endpoints GET /api/families/:id should get family details if part of family","invocations":1,"location":null,"numPassingAsserts":4,"retryReasons":[],"startAt":1774091571862,"status":"passed","title":"should get family details if part of family"},{"ancestorTitles":["Family API Endpoints","GET /api/families/:id"],"duration":5,"failing":false,"failureDetails":[],"failureMessages":[],"fullName":"Family API Endpoints GET /api/families/:id should return 403 if not part of family","invocations":1,"location":null,"numPassingAsserts":2,"retryReasons":[],"startAt":1774091571870,"status":"passed","title":"should return 403 if not part of family"},{"ancestorTitles":["Family API Endpoints","POST /api/families/:id/members"],"duration":9,"failing":false,"failureDetails":[],"failureMessages":[],"fullName":"Family API Endpoints POST /api/families/:id/members should add member if caller is ADMIN","invocations":1,"location":null,"numPassingAsserts":3,"retryReasons":[],"startAt":1774091571876,"status":"passed","title":"should add member if caller is ADMIN"},{"ancestorTitles":["Family API Endpoints","POST /api/families/:id/members"],"duration":5,"failing":false,"failureDetails":[],"failureMessages":[],"fullName":"Family API Endpoints POST /api/families/:id/members should return 403 if caller is NOT ADMIN","invocations":1,"location":null,"numPassingAsserts":2,"retryReasons":[],"startAt":1774091571885,"status":"passed","title":"should return 403 if caller is NOT ADMIN"},{"ancestorTitles":["Family API Endpoints","POST /api/families/:id/members"],"duration":6,"failing":false,"failureDetails":[],"failureMessages":[],"fullName":"Family API Endpoints POST /api/families/:id/members should return 400 if user is already a member","invocations":1,"location":null,"numPassingAsserts":2,"retryReasons":[],"startAt":1774091571891,"status":"passed","title":"should return 400 if user is already a member"},{"ancestorTitles":["Family API Endpoints","DELETE /api/families/:id/members/:userIdToRemove"],"duration":7,"failing":false,"failureDetails":[],"failureMessages":[],"fullName":"Family API Endpoints DELETE /api/families/:id/members/:userIdToRemove should remove member if caller is ADMIN","invocations":1,"location":null,"numPassingAsserts":2,"retryReasons":[],"startAt":1774091571897,"status":"passed","title":"should remove member if caller is ADMIN"},{"ancestorTitles":["Family API Endpoints","DELETE /api/families/:id/members/:userIdToRemove"],"duration":7,"failing":false,"failureDetails":[],"failureMessages":[],"fullName":"Family API Endpoints DELETE /api/families/:id/members/:userIdToRemove should return 400 if trying to remove the owner","invocations":1,"location":null,"numPassingAsserts":2,"retryReasons":[],"startAt":1774091571905,"status":"passed","title":"should return 400 if trying to remove the owner"},{"ancestorTitles":["Family API Endpoints","DELETE /api/families/:id"],"duration":7,"failing":false,"failureDetails":[],"failureMessages":[],"fullName":"Family API Endpoints DELETE /api/families/:id should return 403 if caller is not owner","invocations":1,"location":null,"numPassingAsserts":2,"retryReasons":[],"startAt":1774091571912,"status":"passed","title":"should return 403 if caller is not owner"},{"ancestorTitles":["Family API Endpoints","DELETE /api/families/:id"],"duration":11,"failing":false,"failureDetails":[],"failureMessages":[],"fullName":"Family API Endpoints DELETE /api/families/:id should delete family completely if caller is owner","invocations":1,"location":null,"numPassingAsserts":3,"retryReasons":[],"startAt":1774091571919,"status":"passed","title":"should delete family completely if caller is owner"}],"endTime":1774091571932,"message":"","name":"D:\\Junkio-Expense-Tracker\\backend\\tests\\families.test.js","startTime":1774091571532,"status":"passed","summary":""},{"assertionResults":[{"ancestorTitles":["Debt API Endpoints","GET /api/debts/pending"],"duration":12,"failing":false,"failureDetails":[],"failureMessages":[],"fullName":"Debt API Endpoints GET /api/debts/pending should get pending debts for the debtor","invocations":1,"location":null,"numPassingAsserts":3,"retryReasons":[],"startAt":1774091572296,"status":"passed","title":"should get pending debts for the debtor"},{"ancestorTitles":["Debt API Endpoints","PUT /api/debts/:shareId/approve & reject"],"duration":5,"failing":false,"failureDetails":[],"failureMessages":[],"fullName":"Debt API Endpoints PUT /api/debts/:shareId/approve & reject should return 403 if approving someone else debt","invocations":1,"location":null,"numPassingAsserts":2,"retryReasons":[],"startAt":1774091572308,"status":"passed","title":"should return 403 if approving someone else debt"},{"ancestorTitles":["Debt API Endpoints","PUT /api/debts/:shareId/approve & reject"],"duration":6,"failing":false,"failureDetails":[],"failureMessages":[],"fullName":"Debt API Endpoints PUT /api/debts/:shareId/approve & reject should approve share successfully","invocations":1,"location":null,"numPassingAsserts":2,"retryReasons":[],"startAt":1774091572314,"status":"passed","title":"should approve share successfully"},{"ancestorTitles":["Debt API Endpoints","PUT /api/debts/:shareId/approve & reject"],"duration":7,"failing":false,"failureDetails":[],"failureMessages":[],"fullName":"Debt API Endpoints PUT /api/debts/:shareId/approve & reject should reject share successfully","invocations":1,"location":null,"numPassingAsserts":2,"retryReasons":[],"startAt":1774091572320,"status":"passed","title":"should reject share successfully"},{"ancestorTitles":["Debt API Endpoints","GET /api/debts/simplified/:familyId"],"duration":8,"failing":false,"failureDetails":[],"failureMessages":[],"fullName":"Debt API Endpoints GET /api/debts/simplified/:familyId should return simplified debts for the family","invocations":1,"location":null,"numPassingAsserts":6,"retryReasons":[],"startAt":1774091572328,"status":"passed","title":"should return simplified debts for the family"},{"ancestorTitles":["Debt API Endpoints","POST /api/debts/settle"],"duration":26,"failing":false,"failureDetails":[],"failureMessages":[],"fullName":"Debt API Endpoints POST /api/debts/settle should settle partial debt and deduct from wallet","invocations":1,"location":null,"numPassingAsserts":6,"retryReasons":[],"startAt":1774091572337,"status":"passed","title":"should settle partial debt and deduct from wallet"}],"endTime":1774091572364,"message":"","name":"D:\\Junkio-Expense-Tracker\\backend\\tests\\debts.test.js","startTime":1774091571940,"status":"passed","summary":""},{"assertionResults":[{"ancestorTitles":["Recurring Transactions API","POST /api/recurring"],"duration":12,"failing":false,"failureDetails":[],"failureMessages":[],"fullName":"Recurring Transactions API POST /api/recurring should return 400 if missing fields","invocations":1,"location":null,"numPassingAsserts":2,"retryReasons":[],"startAt":1774091572727,"status":"passed","title":"should return 400 if missing fields"},{"ancestorTitles":["Recurring Transactions API","POST /api/recurring"],"duration":12,"failing":false,"failureDetails":[],"failureMessages":[],"fullName":"Recurring Transactions API POST /api/recurring should create a new recurring pattern","invocations":1,"location":null,"numPassingAsserts":3,"retryReasons":[],"startAt":1774091572740,"status":"passed","title":"should create a new recurring pattern"},{"ancestorTitles":["Recurring Transactions API","GET /api/recurring"],"duration":6,"failing":false,"failureDetails":[],"failureMessages":[],"fullName":"Recurring Transactions API GET /api/recurring should get all patterns for the user","invocations":1,"location":null,"numPassingAsserts":3,"retryReasons":[],"startAt":1774091572752,"status":"passed","title":"should get all patterns for the user"},{"ancestorTitles":["Recurring Transactions API","PUT /api/recurring/:id"],"duration":5,"failing":false,"failureDetails":[],"failureMessages":[],"fullName":"Recurring Transactions API PUT /api/recurring/:id should return 404 for alien pattern","invocations":1,"location":null,"numPassingAsserts":2,"retryReasons":[],"startAt":1774091572759,"status":"passed","title":"should return 404 for alien pattern"},{"ancestorTitles":["Recurring Transactions API","PUT /api/recurring/:id"],"duration":6,"failing":false,"failureDetails":[],"failureMessages":[],"fullName":"Recurring Transactions API PUT /api/recurring/:id should update the recurring pattern correctly","invocations":1,"location":null,"numPassingAsserts":3,"retryReasons":[],"startAt":1774091572765,"status":"passed","title":"should update the recurring pattern correctly"},{"ancestorTitles":["Recurring Transactions API","POST /api/recurring/trigger-cron"],"duration":5,"failing":false,"failureDetails":[],"failureMessages":[],"fullName":"Recurring Transactions API POST /api/recurring/trigger-cron should not process inactive patterns","invocations":1,"location":null,"numPassingAsserts":2,"retryReasons":[],"startAt":1774091572772,"status":"passed","title":"should not process inactive patterns"},{"ancestorTitles":["Recurring Transactions API","POST /api/recurring/trigger-cron"],"duration":16,"failing":false,"failureDetails":[],"failureMessages":[],"fullName":"Recurring Transactions API POST /api/recurring/trigger-cron should execute active patterns and update balance","invocations":1,"location":null,"numPassingAsserts":6,"retryReasons":[],"startAt":1774091572778,"status":"passed","title":"should execute active patterns and update balance"},{"ancestorTitles":["Recurring Transactions API","DELETE /api/recurring/:id"],"duration":7,"failing":false,"failureDetails":[],"failureMessages":[],"fullName":"Recurring Transactions API DELETE /api/recurring/:id should delete the recurring pattern","invocations":1,"location":null,"numPassingAsserts":3,"retryReasons":[],"startAt":1774091572795,"status":"passed","title":"should delete the recurring pattern"}],"endTime":1774091572803,"message":"","name":"D:\\Junkio-Expense-Tracker\\backend\\tests\\recurring.test.js","startTime":1774091572372,"status":"passed","summary":""},{"assertionResults":[{"ancestorTitles":["Category API Endpoints","GET /api/categories"],"duration":9,"failing":false,"failureDetails":[],"failureMessages":[],"fullName":"Category API Endpoints GET /api/categories should return 200 and list all categories","invocations":1,"location":null,"numPassingAsserts":3,"retryReasons":[],"startAt":1774091573082,"status":"passed","title":"should return 200 and list all categories"},{"ancestorTitles":["Category API Endpoints","POST /api/categories"],"duration":15,"failing":false,"failureDetails":[],"failureMessages":[],"fullName":"Category API Endpoints POST /api/categories should create a new category successfully","invocations":1,"location":null,"numPassingAsserts":3,"retryReasons":[],"startAt":1774091573092,"status":"passed","title":"should create a new category successfully"},{"ancestorTitles":["Category API Endpoints","POST /api/categories"],"duration":4,"failing":false,"failureDetails":[],"failureMessages":[],"fullName":"Category API Endpoints POST /api/categories should return 422 for invalid category type","invocations":1,"location":null,"numPassingAsserts":2,"retryReasons":[],"startAt":1774091573108,"status":"passed","title":"should return 422 for invalid category type"},{"ancestorTitles":["Category API Endpoints","PUT /api/categories/:id"],"duration":8,"failing":false,"failureDetails":[],"failureMessages":[],"fullName":"Category API Endpoints PUT /api/categories/:id should update category details","invocations":1,"location":null,"numPassingAsserts":3,"retryReasons":[],"startAt":1774091573114,"status":"passed","title":"should update category details"},{"ancestorTitles":["Category API Endpoints","PUT /api/categories/:id"],"duration":5,"failing":false,"failureDetails":[],"failureMessages":[],"fullName":"Category API Endpoints PUT /api/categories/:id should return 404 for a non-existent category","invocations":1,"location":null,"numPassingAsserts":2,"retryReasons":[],"startAt":1774091573122,"status":"passed","title":"should return 404 for a non-existent category"},{"ancestorTitles":["Category API Endpoints","PUT /api/categories/:id"],"duration":4,"failing":false,"failureDetails":[],"failureMessages":[],"fullName":"Category API Endpoints PUT /api/categories/:id should return 422 for an invalid UUID format","invocations":1,"location":null,"numPassingAsserts":1,"retryReasons":[],"startAt":1774091573127,"status":"passed","title":"should return 422 for an invalid UUID format"},{"ancestorTitles":["Category API Endpoints","DELETE /api/categories/:id"],"duration":7,"failing":false,"failureDetails":[],"failureMessages":[],"fullName":"Category API Endpoints DELETE /api/categories/:id should return 404 if category does not exist","invocations":1,"location":null,"numPassingAsserts":1,"retryReasons":[],"startAt":1774091573133,"status":"passed","title":"should return 404 if category does not exist"},{"ancestorTitles":["Category API Endpoints","DELETE /api/categories/:id"],"duration":16,"failing":false,"failureDetails":[],"failureMessages":[],"fullName":"Category API Endpoints DELETE /api/categories/:id should delete category successfully","invocations":1,"location":null,"numPassingAsserts":3,"retryReasons":[],"startAt":1774091573140,"status":"passed","title":"should delete category successfully"}],"endTime":1774091573157,"message":"","name":"D:\\Junkio-Expense-Tracker\\backend\\tests\\categories.test.js","startTime":1774091572809,"status":"passed","summary":""},{"assertionResults":[{"ancestorTitles":["Budget API Endpoints","GET /api/budgets"],"duration":11,"failing":false,"failureDetails":[],"failureMessages":[],"fullName":"Budget API Endpoints GET /api/budgets should return 200 and list budgets for user families","invocations":1,"location":null,"numPassingAsserts":5,"retryReasons":[],"startAt":1774091573451,"status":"passed","title":"should return 200 and list budgets for user families"},{"ancestorTitles":["Budget API Endpoints","POST /api/budgets"],"duration":10,"failing":false,"failureDetails":[],"failureMessages":[],"fullName":"Budget API Endpoints POST /api/budgets should create a new budget successfully","invocations":1,"location":null,"numPassingAsserts":2,"retryReasons":[],"startAt":1774091573463,"status":"passed","title":"should create a new budget successfully"},{"ancestorTitles":["Budget API Endpoints","POST /api/budgets"],"duration":5,"failing":false,"failureDetails":[],"failureMessages":[],"fullName":"Budget API Endpoints POST /api/budgets should return 422 if amount_limit <= 0","invocations":1,"location":null,"numPassingAsserts":2,"retryReasons":[],"startAt":1774091573474,"status":"passed","title":"should return 422 if amount_limit <= 0"},{"ancestorTitles":["Budget API Endpoints","POST /api/budgets"],"duration":5,"failing":false,"failureDetails":[],"failureMessages":[],"fullName":"Budget API Endpoints POST /api/budgets should return 422 if end_date < start_date","invocations":1,"location":null,"numPassingAsserts":2,"retryReasons":[],"startAt":1774091573479,"status":"passed","title":"should return 422 if end_date < start_date"},{"ancestorTitles":["Budget API Endpoints","PUT /api/budgets/:id"],"duration":7,"failing":false,"failureDetails":[],"failureMessages":[],"fullName":"Budget API Endpoints PUT /api/budgets/:id should update budget details successfully","invocations":1,"location":null,"numPassingAsserts":3,"retryReasons":[],"startAt":1774091573487,"status":"passed","title":"should update budget details successfully"},{"ancestorTitles":["Budget API Endpoints","PUT /api/budgets/:id"],"duration":7,"failing":false,"failureDetails":[],"failureMessages":[],"fullName":"Budget API Endpoints PUT /api/budgets/:id should return 404 for a non-existent budget","invocations":1,"location":null,"numPassingAsserts":2,"retryReasons":[],"startAt":1774091573495,"status":"passed","title":"should return 404 for a non-existent budget"},{"ancestorTitles":["Budget API Endpoints","DELETE /api/budgets/:id"],"duration":8,"failing":false,"failureDetails":[],"failureMessages":[],"fullName":"Budget API Endpoints DELETE /api/budgets/:id should delete budget successfully","invocations":1,"location":null,"numPassingAsserts":3,"retryReasons":[],"startAt":1774091573505,"status":"passed","title":"should delete budget successfully"}],"endTime":1774091573515,"message":"","name":"D:\\Junkio-Expense-Tracker\\backend\\tests\\budgets.test.js","startTime":1774091573164,"status":"passed","summary":""},{"assertionResults":[{"ancestorTitles":["Notification API Endpoints","GET /api/notifications"],"duration":8,"failing":false,"failureDetails":[],"failureMessages":[],"fullName":"Notification API Endpoints GET /api/notifications should get all notifications of the user","invocations":1,"location":null,"numPassingAsserts":2,"retryReasons":[],"startAt":1774091573818,"status":"passed","title":"should get all notifications of the user"},{"ancestorTitles":["Notification API Endpoints","PUT /api/notifications/read-all"],"duration":6,"failing":false,"failureDetails":[],"failureMessages":[],"fullName":"Notification API Endpoints PUT /api/notifications/read-all should mark all notifications as read","invocations":1,"location":null,"numPassingAsserts":2,"retryReasons":[],"startAt":1774091573827,"status":"passed","title":"should mark all notifications as read"},{"ancestorTitles":["Notification API Endpoints","PUT /api/notifications/:id/read"],"duration":5,"failing":false,"failureDetails":[],"failureMessages":[],"fullName":"Notification API Endpoints PUT /api/notifications/:id/read should return 404 for wrong notification","invocations":1,"location":null,"numPassingAsserts":2,"retryReasons":[],"startAt":1774091573833,"status":"passed","title":"should return 404 for wrong notification"},{"ancestorTitles":["Notification API Endpoints","PUT /api/notifications/:id/read"],"duration":7,"failing":false,"failureDetails":[],"failureMessages":[],"fullName":"Notification API Endpoints PUT /api/notifications/:id/read should mark single notification as read","invocations":1,"location":null,"numPassingAsserts":2,"retryReasons":[],"startAt":1774091573839,"status":"passed","title":"should mark single notification as read"},{"ancestorTitles":["Notification API Endpoints","POST /api/notifications/broadcast"],"duration":8,"failing":false,"failureDetails":[],"failureMessages":[],"fullName":"Notification API Endpoints POST /api/notifications/broadcast should return 403 if user is not admin","invocations":1,"location":null,"numPassingAsserts":2,"retryReasons":[],"startAt":1774091573847,"status":"passed","title":"should return 403 if user is not admin"},{"ancestorTitles":["Notification API Endpoints","POST /api/notifications/broadcast"],"duration":9,"failing":false,"failureDetails":[],"failureMessages":[],"fullName":"Notification API Endpoints POST /api/notifications/broadcast should broadcast successfully when admin","invocations":1,"location":null,"numPassingAsserts":3,"retryReasons":[],"startAt":1774091573855,"status":"passed","title":"should broadcast successfully when admin"}],"endTime":1774091573866,"message":"","name":"D:\\Junkio-Expense-Tracker\\backend\\tests\\notifications.test.js","startTime":1774091573522,"status":"passed","summary":""},{"assertionResults":[{"ancestorTitles":["Admin API Endpoints"],"duration":12,"failing":false,"failureDetails":[],"failureMessages":[],"fullName":"Admin API Endpoints GET /api/admin/users should return paginated list of users","invocations":1,"location":null,"numPassingAsserts":4,"retryReasons":[],"startAt":1774091574251,"status":"passed","title":"GET /api/admin/users should return paginated list of users"},{"ancestorTitles":["Admin API Endpoints"],"duration":3,"failing":false,"failureDetails":[],"failureMessages":[],"fullName":"Admin API Endpoints GET /api/admin/analytics should return system stats","invocations":1,"location":null,"numPassingAsserts":3,"retryReasons":[],"startAt":1774091574263,"status":"passed","title":"GET /api/admin/analytics should return system stats"},{"ancestorTitles":["Admin API Endpoints"],"duration":3,"failing":false,"failureDetails":[],"failureMessages":[],"fullName":"Admin API Endpoints DELETE /api/admin/users/:id should soft delete user","invocations":1,"location":null,"numPassingAsserts":1,"retryReasons":[],"startAt":1774091574267,"status":"passed","title":"DELETE /api/admin/users/:id should soft delete user"}],"endTime":1774091574272,"message":"","name":"D:\\Junkio-Expense-Tracker\\backend\\tests\\admin.test.js","startTime":1774091573871,"status":"passed","summary":""},{"assertionResults":[{"ancestorTitles":["Analytics API","GET /api/analytics/dashboard"],"duration":15,"failing":false,"failureDetails":[],"failureMessages":[],"fullName":"Analytics API GET /api/analytics/dashboard should return aggregated dashboard stats","invocations":1,"location":null,"numPassingAsserts":9,"retryReasons":[],"startAt":1774091574583,"status":"passed","title":"should return aggregated dashboard stats"},{"ancestorTitles":["Analytics API","GET /api/analytics/reports"],"duration":4,"failing":false,"failureDetails":[],"failureMessages":[],"fullName":"Analytics API GET /api/analytics/reports should return reports structure","invocations":1,"location":null,"numPassingAsserts":2,"retryReasons":[],"startAt":1774091574599,"status":"passed","title":"should return reports structure"}],"endTime":1774091574604,"message":"","name":"D:\\Junkio-Expense-Tracker\\backend\\tests\\analytics.test.js","startTime":1774091574277,"status":"passed","summary":""},{"assertionResults":[{"ancestorTitles":["Forecast API","GET /api/forecast"],"duration":7,"failing":false,"failureDetails":[],"failureMessages":[],"fullName":"Forecast API GET /api/forecast should return forecast data based on history","invocations":1,"location":null,"numPassingAsserts":8,"retryReasons":[],"startAt":1774091574858,"status":"passed","title":"should return forecast data based on history"}],"endTime":1774091574867,"message":"","name":"D:\\Junkio-Expense-Tracker\\backend\\tests\\forecast.test.js","startTime":1774091574609,"status":"passed","summary":""},{"assertionResults":[{"ancestorTitles":["budgetAlertService"],"duration":116,"failing":false,"failureDetails":[],"failureMessages":[],"fullName":"budgetAlertService tạo cảnh báo khi chi tiêu vượt 80%","invocations":1,"location":null,"numPassingAsserts":1,"retryReasons":[],"startAt":1774091574984,"status":"passed","title":"tạo cảnh báo khi chi tiêu vượt 80%"},{"ancestorTitles":["budgetAlertService"],"duration":1,"failing":false,"failureDetails":[],"failureMessages":[],"fullName":"budgetAlertService không tạo cảnh báo nếu chưa đến 80%","invocations":1,"location":null,"numPassingAsserts":1,"retryReasons":[],"startAt":1774091575101,"status":"passed","title":"không tạo cảnh báo nếu chưa đến 80%"}],"endTime":1774091575103,"message":"","name":"D:\\Junkio-Expense-Tracker\\backend\\tests\\budgetAlertService.test.js","startTime":1774091574871,"status":"passed","summary":""},{"assertionResults":[{"ancestorTitles":["cronJobs recurring engine"],"duration":7,"failing":false,"failureDetails":[],"failureMessages":[],"fullName":"cronJobs recurring engine tạo giao dịch từ recurring pattern đến hạn","invocations":1,"location":null,"numPassingAsserts":2,"retryReasons":[],"startAt":1774091575234,"status":"passed","title":"tạo giao dịch từ recurring pattern đến hạn"}],"endTime":1774091575242,"message":"","name":"D:\\Junkio-Expense-Tracker\\backend\\tests\\cronJobs.test.js","startTime":1774091575111,"status":"passed","summary":""},{"assertionResults":[{"ancestorTitles":["uploadMiddleware fileFilter"],"duration":1,"failing":false,"failureDetails":[],"failureMessages":[],"fullName":"uploadMiddleware fileFilter chấp nhận file ảnh","invocations":1,"location":null,"numPassingAsserts":2,"retryReasons":[],"startAt":1774091575316,"status":"passed","title":"chấp nhận file ảnh"},{"ancestorTitles":["uploadMiddleware fileFilter"],"duration":1,"failing":false,"failureDetails":[],"failureMessages":[],"fullName":"uploadMiddleware fileFilter từ chối file không phải ảnh","invocations":1,"location":null,"numPassingAsserts":2,"retryReasons":[],"startAt":1774091575317,"status":"passed","title":"từ chối file không phải ảnh"}],"endTime":1774091575319,"message":"","name":"D:\\Junkio-Expense-Tracker\\backend\\tests\\uploadMiddleware.test.js","startTime":1774091575267,"status":"passed","summary":""},{"assertionResults":[{"ancestorTitles":["roleMiddleware"],"duration":1,"failing":false,"failureDetails":[],"failureMessages":[],"fullName":"roleMiddleware từ chối khi thiếu user","invocations":1,"location":null,"numPassingAsserts":2,"retryReasons":[],"startAt":1774091575369,"status":"passed","title":"từ chối khi thiếu user"},{"ancestorTitles":["roleMiddleware"],"duration":1,"failing":false,"failureDetails":[],"failureMessages":[],"fullName":"roleMiddleware từ chối vai trò không phù hợp","invocations":1,"location":null,"numPassingAsserts":2,"retryReasons":[],"startAt":1774091575370,"status":"passed","title":"từ chối vai trò không phù hợp"},{"ancestorTitles":["roleMiddleware"],"duration":0,"failing":false,"failureDetails":[],"failureMessages":[],"fullName":"roleMiddleware cho phép khi vai trò hợp lệ","invocations":1,"location":null,"numPassingAsserts":1,"retryReasons":[],"startAt":1774091575371,"status":"passed","title":"cho phép khi vai trò hợp lệ"}],"endTime":1774091575372,"message":"","name":"D:\\Junkio-Expense-Tracker\\backend\\tests\\roleMiddleware.test.js","startTime":1774091575323,"status":"passed","summary":""}],"wasInterrupted":false}
